<?xml version="1.0" encoding="UTF-8"?>
<coverage generated="1741394416449" clover="3.2.0">
  <project timestamp="1741394416449" name="All files">
    <metrics statements="59" coveredstatements="54" conditionals="17" coveredconditionals="8" methods="14" coveredmethods="13" elements="90" coveredelements="75" complexity="0" loc="59" ncloc="59" packages="3" files="4" classes="4"/>
    <package name="components.ui">
      <metrics statements="8" coveredstatements="8" conditionals="3" coveredconditionals="2" methods="2" coveredmethods="2"/>
      <file name="button.jsx" path="C:\Users\Robert\Documents\314-chat-app\frontend\src\components\ui\button.jsx">
        <metrics statements="5" coveredstatements="5" conditionals="3" coveredconditionals="2" methods="1" coveredmethods="1"/>
        <line num="7" count="1" type="stmt"/>
        <line num="36" count="1" type="cond" truecount="1" falsecount="0"/>
        <line num="37" count="660" type="cond" truecount="1" falsecount="1"/>
        <line num="38" count="660" type="stmt"/>
        <line num="45" count="1" type="stmt"/>
      </file>
      <file name="input.jsx" path="C:\Users\Robert\Documents\314-chat-app\frontend\src\components\ui\input.jsx">
        <metrics statements="3" coveredstatements="3" conditionals="0" coveredconditionals="0" methods="1" coveredmethods="1"/>
        <line num="5" count="1" type="stmt"/>
        <line num="6" count="660" type="stmt"/>
        <line num="17" count="1" type="stmt"/>
      </file>
    </package>
    <package name="lib">
      <metrics statements="1" coveredstatements="1" conditionals="0" coveredconditionals="0" methods="1" coveredmethods="1"/>
      <file name="utils.js" path="C:\Users\Robert\Documents\314-chat-app\frontend\src\lib\utils.js">
        <metrics statements="1" coveredstatements="1" conditionals="0" coveredconditionals="0" methods="1" coveredmethods="1"/>
        <line num="5" count="1320" type="stmt"/>
      </file>
    </package>
    <package name="pages.auth">
      <metrics statements="50" coveredstatements="45" conditionals="14" coveredconditionals="6" methods="11" coveredmethods="10"/>
      <file name="index.jsx" path="C:\Users\Robert\Documents\314-chat-app\frontend\src\pages\auth\index.jsx">
        <metrics statements="50" coveredstatements="45" conditionals="14" coveredconditionals="6" methods="11" coveredmethods="10"/>
        <line num="14" count="1" type="stmt"/>
        <line num="15" count="132" type="stmt"/>
        <line num="16" count="132" type="stmt"/>
        <line num="17" count="132" type="stmt"/>
        <line num="18" count="132" type="stmt"/>
        <line num="19" count="132" type="stmt"/>
        <line num="20" count="132" type="stmt"/>
        <line num="22" count="132" type="stmt"/>
        <line num="23" count="2" type="stmt"/>
        <line num="24" count="2" type="stmt"/>
        <line num="32" count="1" type="cond" truecount="1" falsecount="1"/>
        <line num="33" count="1" type="stmt"/>
        <line num="36" count="1" type="stmt"/>
        <line num="37" count="1" type="stmt"/>
        <line num="41" count="132" type="stmt"/>
        <line num="42" count="2" type="stmt"/>
        <line num="43" count="2" type="stmt"/>
        <line num="47" count="0" type="cond" truecount="0" falsecount="2"/>
        <line num="48" count="0" type="stmt"/>
        <line num="51" count="2" type="stmt"/>
        <line num="52" count="2" type="stmt"/>
        <line num="56" count="132" type="stmt"/>
        <line num="57" count="2" type="stmt"/>
        <line num="58" count="2" type="stmt"/>
        <line num="65" count="1" type="cond" truecount="1" falsecount="1"/>
        <line num="66" count="1" type="stmt"/>
        <line num="69" count="1" type="stmt"/>
        <line num="70" count="1" type="stmt"/>
        <line num="74" count="132" type="stmt"/>
        <line num="75" count="2" type="stmt"/>
        <line num="76" count="2" type="stmt"/>
        <line num="84" count="1" type="cond" truecount="1" falsecount="1"/>
        <line num="85" count="1" type="stmt"/>
        <line num="88" count="1" type="stmt"/>
        <line num="89" count="1" type="stmt"/>
        <line num="93" count="132" type="stmt"/>
        <line num="94" count="2" type="stmt"/>
        <line num="95" count="2" type="stmt"/>
        <line num="103" count="1" type="cond" truecount="1" falsecount="1"/>
        <line num="104" count="1" type="stmt"/>
        <line num="106" count="0" type="cond" truecount="0" falsecount="2"/>
        <line num="107" count="0" type="stmt"/>
        <line num="110" count="1" type="stmt"/>
        <line num="111" count="1" type="stmt"/>
        <line num="116" count="132" type="stmt"/>
        <line num="132" count="62" type="stmt"/>
        <line num="139" count="30" type="stmt"/>
        <line num="146" count="0" type="stmt"/>
        <line num="153" count="12" type="stmt"/>
        <line num="160" count="8" type="stmt"/>
      </file>
    </package>
  </project>
</coverage>
