<?xml version="1.0" encoding="UTF-8"?>
<coverage generated="1741573026075" clover="3.2.0">
  <project timestamp="1741573026075" name="All files">
    <metrics statements="138" coveredstatements="135" conditionals="43" coveredconditionals="33" methods="29" coveredmethods="28" elements="210" coveredelements="196" complexity="0" loc="138" ncloc="138" packages="6" files="7" classes="7"/>
    <package name="components.ui">
      <metrics statements="8" coveredstatements="8" conditionals="3" coveredconditionals="2" methods="2" coveredmethods="2"/>
      <file name="button.jsx" path="C:\Users\Robert\Documents\314-chat-app\frontend\src\components\ui\button.jsx">
        <metrics statements="5" coveredstatements="5" conditionals="3" coveredconditionals="2" methods="1" coveredmethods="1"/>
        <line num="7" count="4" type="stmt"/>
        <line num="36" count="4" type="cond" truecount="1" falsecount="0"/>
        <line num="37" count="1051" type="cond" truecount="1" falsecount="1"/>
        <line num="38" count="1051" type="stmt"/>
        <line num="45" count="4" type="stmt"/>
      </file>
      <file name="input.jsx" path="C:\Users\Robert\Documents\314-chat-app\frontend\src\components\ui\input.jsx">
        <metrics statements="3" coveredstatements="3" conditionals="0" coveredconditionals="0" methods="1" coveredmethods="1"/>
        <line num="5" count="4" type="stmt"/>
        <line num="6" count="991" type="stmt"/>
        <line num="17" count="4" type="stmt"/>
      </file>
    </package>
    <package name="lib">
      <metrics statements="1" coveredstatements="1" conditionals="0" coveredconditionals="0" methods="1" coveredmethods="1"/>
      <file name="utils.js" path="C:\Users\Robert\Documents\314-chat-app\frontend\src\lib\utils.js">
        <metrics statements="1" coveredstatements="1" conditionals="0" coveredconditionals="0" methods="1" coveredmethods="1"/>
        <line num="5" count="2042" type="stmt"/>
      </file>
    </package>
    <package name="pages.auth">
      <metrics statements="50" coveredstatements="47" conditionals="14" coveredconditionals="7" methods="11" coveredmethods="10"/>
      <file name="index.jsx" path="C:\Users\Robert\Documents\314-chat-app\frontend\src\pages\auth\index.jsx">
        <metrics statements="50" coveredstatements="47" conditionals="14" coveredconditionals="7" methods="11" coveredmethods="10"/>
        <line num="14" count="1" type="stmt"/>
        <line num="15" count="132" type="stmt"/>
        <line num="16" count="132" type="stmt"/>
        <line num="17" count="132" type="stmt"/>
        <line num="18" count="132" type="stmt"/>
        <line num="19" count="132" type="stmt"/>
        <line num="20" count="132" type="stmt"/>
        <line num="22" count="132" type="stmt"/>
        <line num="23" count="2" type="stmt"/>
        <line num="24" count="2" type="stmt"/>
        <line num="32" count="1" type="cond" truecount="1" falsecount="1"/>
        <line num="33" count="1" type="stmt"/>
        <line num="36" count="1" type="stmt"/>
        <line num="37" count="1" type="stmt"/>
        <line num="41" count="132" type="stmt"/>
        <line num="42" count="2" type="stmt"/>
        <line num="43" count="2" type="stmt"/>
        <line num="47" count="1" type="cond" truecount="1" falsecount="1"/>
        <line num="48" count="1" type="stmt"/>
        <line num="51" count="1" type="stmt"/>
        <line num="52" count="1" type="stmt"/>
        <line num="56" count="132" type="stmt"/>
        <line num="57" count="2" type="stmt"/>
        <line num="58" count="2" type="stmt"/>
        <line num="65" count="1" type="cond" truecount="1" falsecount="1"/>
        <line num="66" count="1" type="stmt"/>
        <line num="69" count="1" type="stmt"/>
        <line num="70" count="1" type="stmt"/>
        <line num="74" count="132" type="stmt"/>
        <line num="75" count="2" type="stmt"/>
        <line num="76" count="2" type="stmt"/>
        <line num="84" count="1" type="cond" truecount="1" falsecount="1"/>
        <line num="85" count="1" type="stmt"/>
        <line num="88" count="1" type="stmt"/>
        <line num="89" count="1" type="stmt"/>
        <line num="93" count="132" type="stmt"/>
        <line num="94" count="2" type="stmt"/>
        <line num="95" count="2" type="stmt"/>
        <line num="103" count="1" type="cond" truecount="1" falsecount="1"/>
        <line num="104" count="1" type="stmt"/>
        <line num="106" count="0" type="cond" truecount="0" falsecount="2"/>
        <line num="107" count="0" type="stmt"/>
        <line num="110" count="1" type="stmt"/>
        <line num="111" count="1" type="stmt"/>
        <line num="116" count="132" type="stmt"/>
        <line num="132" count="62" type="stmt"/>
        <line num="139" count="30" type="stmt"/>
        <line num="146" count="0" type="stmt"/>
        <line num="153" count="12" type="stmt"/>
        <line num="160" count="8" type="stmt"/>
      </file>
    </package>
    <package name="pages.chatrooms">
      <metrics statements="34" coveredstatements="34" conditionals="14" coveredconditionals="13" methods="5" coveredmethods="5"/>
      <file name="chatrooms.jsx" path="C:\Users\Robert\Documents\314-chat-app\frontend\src\pages\chatrooms\chatrooms.jsx">
        <metrics statements="34" coveredstatements="34" conditionals="14" coveredconditionals="13" methods="5" coveredmethods="5"/>
        <line num="8" count="1" type="stmt"/>
        <line num="9" count="61" type="stmt"/>
        <line num="10" count="61" type="stmt"/>
        <line num="12" count="61" type="stmt"/>
        <line num="13" count="4" type="stmt"/>
        <line num="14" count="4" type="stmt"/>
        <line num="21" count="3" type="cond" truecount="2" falsecount="0"/>
        <line num="22" count="1" type="stmt"/>
        <line num="23" count="2" type="cond" truecount="2" falsecount="0"/>
        <line num="24" count="1" type="stmt"/>
        <line num="26" count="1" type="stmt"/>
        <line num="30" count="1" type="stmt"/>
        <line num="31" count="1" type="stmt"/>
        <line num="36" count="61" type="stmt"/>
        <line num="37" count="3" type="stmt"/>
        <line num="38" count="3" type="stmt"/>
        <line num="42" count="2" type="cond" truecount="2" falsecount="0"/>
        <line num="43" count="1" type="stmt"/>
        <line num="44" count="1" type="cond" truecount="1" falsecount="1"/>
        <line num="45" count="1" type="stmt"/>
        <line num="48" count="1" type="stmt"/>
        <line num="49" count="1" type="stmt"/>
        <line num="53" count="61" type="stmt"/>
        <line num="54" count="4" type="stmt"/>
        <line num="55" count="4" type="stmt"/>
        <line num="60" count="3" type="cond" truecount="2" falsecount="0"/>
        <line num="61" count="1" type="stmt"/>
        <line num="62" count="2" type="cond" truecount="2" falsecount="0"/>
        <line num="63" count="1" type="stmt"/>
        <line num="65" count="1" type="stmt"/>
        <line num="69" count="1" type="stmt"/>
        <line num="70" count="1" type="stmt"/>
        <line num="76" count="61" type="stmt"/>
        <line num="92" count="39" type="stmt"/>
      </file>
    </package>
    <package name="pages.contacts">
      <metrics statements="21" coveredstatements="21" conditionals="6" coveredconditionals="5" methods="4" coveredmethods="4"/>
      <file name="index.jsx" path="C:\Users\Robert\Documents\314-chat-app\frontend\src\pages\contacts\index.jsx">
        <metrics statements="21" coveredstatements="21" conditionals="6" coveredconditionals="5" methods="4" coveredmethods="4"/>
        <line num="8" count="1" type="stmt"/>
        <line num="9" count="21" type="stmt"/>
        <line num="10" count="21" type="stmt"/>
        <line num="12" count="21" type="stmt"/>
        <line num="13" count="3" type="stmt"/>
        <line num="14" count="3" type="stmt"/>
        <line num="21" count="2" type="cond" truecount="2" falsecount="0"/>
        <line num="22" count="1" type="stmt"/>
        <line num="23" count="1" type="stmt"/>
        <line num="25" count="1" type="stmt"/>
        <line num="29" count="1" type="stmt"/>
        <line num="30" count="1" type="stmt"/>
        <line num="34" count="21" type="stmt"/>
        <line num="35" count="2" type="stmt"/>
        <line num="36" count="2" type="stmt"/>
        <line num="40" count="1" type="cond" truecount="1" falsecount="1"/>
        <line num="41" count="1" type="stmt"/>
        <line num="45" count="1" type="stmt"/>
        <line num="46" count="1" type="stmt"/>
        <line num="51" count="21" type="stmt"/>
        <line num="67" count="11" type="stmt"/>
      </file>
    </package>
    <package name="pages.messages">
      <metrics statements="24" coveredstatements="24" conditionals="6" coveredconditionals="6" methods="6" coveredmethods="6"/>
      <file name="messages.jsx" path="C:\Users\Robert\Documents\314-chat-app\frontend\src\pages\messages\messages.jsx">
        <metrics statements="24" coveredstatements="24" conditionals="6" coveredconditionals="6" methods="6" coveredmethods="6"/>
        <line num="8" count="1" type="stmt"/>
        <line num="9" count="83" type="stmt"/>
        <line num="10" count="83" type="stmt"/>
        <line num="11" count="83" type="stmt"/>
        <line num="12" count="83" type="stmt"/>
        <line num="14" count="83" type="stmt"/>
        <line num="15" count="3" type="stmt"/>
        <line num="16" count="3" type="stmt"/>
        <line num="23" count="2" type="cond" truecount="2" falsecount="0"/>
        <line num="24" count="1" type="stmt"/>
        <line num="26" count="1" type="stmt"/>
        <line num="29" count="1" type="stmt"/>
        <line num="30" count="1" type="stmt"/>
        <line num="34" count="83" type="stmt"/>
        <line num="35" count="3" type="stmt"/>
        <line num="36" count="3" type="stmt"/>
        <line num="43" count="2" type="cond" truecount="2" falsecount="0"/>
        <line num="44" count="1" type="stmt"/>
        <line num="46" count="1" type="stmt"/>
        <line num="49" count="1" type="stmt"/>
        <line num="54" count="83" type="stmt"/>
        <line num="70" count="24" type="stmt"/>
        <line num="77" count="8" type="stmt"/>
        <line num="84" count="39" type="stmt"/>
      </file>
    </package>
  </project>
</coverage>
