{"C:\\Users\\Robert\\Documents\\314-chat-app\\frontend\\src\\components\\ui\\button.jsx": {"path":"C:\\Users\\Robert\\Documents\\314-chat-app\\frontend\\src\\components\\ui\\button.jsx","statementMap":{"0":{"start":{"line":7,"column":23},"end":{"line":34,"column":1}},"1":{"start":{"line":36,"column":15},"end":{"line":44,"column":2}},"2":{"start":{"line":37,"column":15},"end":{"line":37,"column":40}},"3":{"start":{"line":38,"column":2},"end":{"line":43,"column":4}},"4":{"start":{"line":45,"column":0},"end":{"line":45,"column":29}}},"fnMap":{"0":{"name":"(anonymous_0)","decl":{"start":{"line":36,"column":32},"end":{"line":36,"column":33}},"loc":{"start":{"line":36,"column":98},"end":{"line":44,"column":1}},"line":36}},"branchMap":{"0":{"loc":{"start":{"line":36,"column":61},"end":{"line":36,"column":76}},"type":"default-arg","locations":[{"start":{"line":36,"column":71},"end":{"line":36,"column":76}}],"line":36},"1":{"loc":{"start":{"line":37,"column":15},"end":{"line":37,"column":40}},"type":"cond-expr","locations":[{"start":{"line":37,"column":25},"end":{"line":37,"column":29}},{"start":{"line":37,"column":32},"end":{"line":37,"column":40}}],"line":37}},"s":{"0":4,"1":4,"2":1051,"3":1051,"4":4},"f":{"0":1051},"b":{"0":[1051],"1":[0,1051]},"_coverageSchema":"1a1c01bbd47fc00a2c39e90264f33305004495a9","hash":"d9e8777e4a8655683fdc87c1a24466dd636051f4"}
,"C:\\Users\\Robert\\Documents\\314-chat-app\\frontend\\src\\components\\ui\\input.jsx": {"path":"C:\\Users\\Robert\\Documents\\314-chat-app\\frontend\\src\\components\\ui\\input.jsx","statementMap":{"0":{"start":{"line":5,"column":14},"end":{"line":16,"column":2}},"1":{"start":{"line":6,"column":2},"end":{"line":15,"column":4}},"2":{"start":{"line":17,"column":0},"end":{"line":17,"column":27}}},"fnMap":{"0":{"name":"(anonymous_0)","decl":{"start":{"line":5,"column":31},"end":{"line":5,"column":32}},"loc":{"start":{"line":5,"column":71},"end":{"line":16,"column":1}},"line":5}},"branchMap":{},"s":{"0":4,"1":991,"2":4},"f":{"0":991},"b":{},"_coverageSchema":"1a1c01bbd47fc00a2c39e90264f33305004495a9","hash":"bf3be245016292542b63dc966c89349ce3c8c31a"}
,"C:\\Users\\Robert\\Documents\\314-chat-app\\frontend\\src\\lib\\utils.js": {"path":"C:\\Users\\Robert\\Documents\\314-chat-app\\frontend\\src\\lib\\utils.js","statementMap":{"0":{"start":{"line":5,"column":2},"end":{"line":5,"column":31}}},"fnMap":{"0":{"name":"cn","decl":{"start":{"line":4,"column":16},"end":{"line":4,"column":18}},"loc":{"start":{"line":4,"column":30},"end":{"line":6,"column":1}},"line":4}},"branchMap":{},"s":{"0":2042},"f":{"0":2042},"b":{},"_coverageSchema":"1a1c01bbd47fc00a2c39e90264f33305004495a9","hash":"ea7baaa64812208273c28c6528a96d77ea98df34"}
,"C:\\Users\\Robert\\Documents\\314-chat-app\\frontend\\src\\pages\\auth\\index.jsx": {"path":"C:\\Users\\Robert\\Documents\\314-chat-app\\frontend\\src\\pages\\auth\\index.jsx","statementMap":{"0":{"start":{"line":14,"column":15},"end":{"line":189,"column":5}},"1":{"start":{"line":15,"column":30},"end":{"line":15,"column":42}},"2":{"start":{"line":16,"column":36},"end":{"line":16,"column":48}},"3":{"start":{"line":17,"column":50},"end":{"line":17,"column":62}},"4":{"start":{"line":18,"column":34},"end":{"line":18,"column":46}},"5":{"start":{"line":19,"column":38},"end":{"line":19,"column":50}},"6":{"start":{"line":20,"column":36},"end":{"line":20,"column":48}},"7":{"start":{"line":22,"column":32},"end":{"line":39,"column":5}},"8":{"start":{"line":23,"column":6},"end":{"line":38,"column":7}},"9":{"start":{"line":24,"column":25},"end":{"line":30,"column":9}},"10":{"start":{"line":32,"column":8},"end":{"line":34,"column":9}},"11":{"start":{"line":33,"column":10},"end":{"line":33,"column":41}},"12":{"start":{"line":36,"column":8},"end":{"line":36,"column":47}},"13":{"start":{"line":37,"column":8},"end":{"line":37,"column":27}},"14":{"start":{"line":41,"column":30},"end":{"line":54,"column":5}},"15":{"start":{"line":42,"column":6},"end":{"line":53,"column":7}},"16":{"start":{"line":43,"column":25},"end":{"line":45,"column":9}},"17":{"start":{"line":47,"column":8},"end":{"line":49,"column":9}},"18":{"start":{"line":48,"column":10},"end":{"line":48,"column":40}},"19":{"start":{"line":51,"column":8},"end":{"line":51,"column":47}},"20":{"start":{"line":52,"column":8},"end":{"line":52,"column":27}},"21":{"start":{"line":56,"column":25},"end":{"line":72,"column":5}},"22":{"start":{"line":57,"column":6},"end":{"line":71,"column":7}},"23":{"start":{"line":58,"column":23},"end":{"line":63,"column":7}},"24":{"start":{"line":65,"column":6},"end":{"line":67,"column":7}},"25":{"start":{"line":66,"column":8},"end":{"line":66,"column":41}},"26":{"start":{"line":69,"column":8},"end":{"line":69,"column":55}},"27":{"start":{"line":70,"column":8},"end":{"line":70,"column":27}},"28":{"start":{"line":74,"column":24},"end":{"line":91,"column":5}},"29":{"start":{"line":75,"column":6},"end":{"line":90,"column":7}},"30":{"start":{"line":76,"column":25},"end":{"line":83,"column":9}},"31":{"start":{"line":84,"column":8},"end":{"line":86,"column":9}},"32":{"start":{"line":85,"column":10},"end":{"line":85,"column":42}},"33":{"start":{"line":88,"column":8},"end":{"line":88,"column":54}},"34":{"start":{"line":89,"column":8},"end":{"line":89,"column":27}},"35":{"start":{"line":93,"column":25},"end":{"line":113,"column":7}},"36":{"start":{"line":94,"column":8},"end":{"line":112,"column":9}},"37":{"start":{"line":95,"column":27},"end":{"line":102,"column":11}},"38":{"start":{"line":103,"column":10},"end":{"line":108,"column":11}},"39":{"start":{"line":104,"column":12},"end":{"line":104,"column":45}},"40":{"start":{"line":106,"column":15},"end":{"line":108,"column":11}},"41":{"start":{"line":107,"column":12},"end":{"line":107,"column":52}},"42":{"start":{"line":110,"column":10},"end":{"line":110,"column":57}},"43":{"start":{"line":111,"column":10},"end":{"line":111,"column":29}},"44":{"start":{"line":116,"column":6},"end":{"line":188,"column":8}},"45":{"start":{"line":132,"column":37},"end":{"line":132,"column":61}},"46":{"start":{"line":139,"column":37},"end":{"line":139,"column":64}},"47":{"start":{"line":146,"column":37},"end":{"line":146,"column":71}},"48":{"start":{"line":153,"column":37},"end":{"line":153,"column":65}},"49":{"start":{"line":160,"column":37},"end":{"line":160,"column":64}}},"fnMap":{"0":{"name":"(anonymous_0)","decl":{"start":{"line":14,"column":15},"end":{"line":14,"column":16}},"loc":{"start":{"line":14,"column":21},"end":{"line":189,"column":5}},"line":14},"1":{"name":"(anonymous_1)","decl":{"start":{"line":22,"column":32},"end":{"line":22,"column":33}},"loc":{"start":{"line":22,"column":43},"end":{"line":39,"column":5}},"line":22},"2":{"name":"(anonymous_2)","decl":{"start":{"line":41,"column":30},"end":{"line":41,"column":31}},"loc":{"start":{"line":41,"column":42},"end":{"line":54,"column":5}},"line":41},"3":{"name":"(anonymous_3)","decl":{"start":{"line":56,"column":25},"end":{"line":56,"column":26}},"loc":{"start":{"line":56,"column":37},"end":{"line":72,"column":5}},"line":56},"4":{"name":"(anonymous_4)","decl":{"start":{"line":74,"column":24},"end":{"line":74,"column":25}},"loc":{"start":{"line":74,"column":36},"end":{"line":91,"column":5}},"line":74},"5":{"name":"(anonymous_5)","decl":{"start":{"line":93,"column":25},"end":{"line":93,"column":26}},"loc":{"start":{"line":93,"column":37},"end":{"line":113,"column":7}},"line":93},"6":{"name":"(anonymous_6)","decl":{"start":{"line":132,"column":30},"end":{"line":132,"column":31}},"loc":{"start":{"line":132,"column":37},"end":{"line":132,"column":61}},"line":132},"7":{"name":"(anonymous_7)","decl":{"start":{"line":139,"column":30},"end":{"line":139,"column":31}},"loc":{"start":{"line":139,"column":37},"end":{"line":139,"column":64}},"line":139},"8":{"name":"(anonymous_8)","decl":{"start":{"line":146,"column":30},"end":{"line":146,"column":31}},"loc":{"start":{"line":146,"column":37},"end":{"line":146,"column":71}},"line":146},"9":{"name":"(anonymous_9)","decl":{"start":{"line":153,"column":30},"end":{"line":153,"column":31}},"loc":{"start":{"line":153,"column":37},"end":{"line":153,"column":65}},"line":153},"10":{"name":"(anonymous_10)","decl":{"start":{"line":160,"column":30},"end":{"line":160,"column":31}},"loc":{"start":{"line":160,"column":37},"end":{"line":160,"column":64}},"line":160}},"branchMap":{"0":{"loc":{"start":{"line":32,"column":8},"end":{"line":34,"column":9}},"type":"if","locations":[{"start":{"line":32,"column":8},"end":{"line":34,"column":9}},{"start":{},"end":{}}],"line":32},"1":{"loc":{"start":{"line":47,"column":8},"end":{"line":49,"column":9}},"type":"if","locations":[{"start":{"line":47,"column":8},"end":{"line":49,"column":9}},{"start":{},"end":{}}],"line":47},"2":{"loc":{"start":{"line":65,"column":6},"end":{"line":67,"column":7}},"type":"if","locations":[{"start":{"line":65,"column":6},"end":{"line":67,"column":7}},{"start":{},"end":{}}],"line":65},"3":{"loc":{"start":{"line":84,"column":8},"end":{"line":86,"column":9}},"type":"if","locations":[{"start":{"line":84,"column":8},"end":{"line":86,"column":9}},{"start":{},"end":{}}],"line":84},"4":{"loc":{"start":{"line":103,"column":10},"end":{"line":108,"column":11}},"type":"if","locations":[{"start":{"line":103,"column":10},"end":{"line":108,"column":11}},{"start":{"line":106,"column":15},"end":{"line":108,"column":11}}],"line":103},"5":{"loc":{"start":{"line":106,"column":15},"end":{"line":108,"column":11}},"type":"if","locations":[{"start":{"line":106,"column":15},"end":{"line":108,"column":11}},{"start":{},"end":{}}],"line":106},"6":{"loc":{"start":{"line":178,"column":19},"end":{"line":180,"column":19}},"type":"binary-expr","locations":[{"start":{"line":178,"column":19},"end":{"line":178,"column":26}},{"start":{"line":179,"column":20},"end":{"line":179,"column":79}}],"line":178}},"s":{"0":1,"1":132,"2":132,"3":132,"4":132,"5":132,"6":132,"7":132,"8":2,"9":2,"10":1,"11":1,"12":1,"13":1,"14":132,"15":2,"16":2,"17":1,"18":1,"19":1,"20":1,"21":132,"22":2,"23":2,"24":1,"25":1,"26":1,"27":1,"28":132,"29":2,"30":2,"31":1,"32":1,"33":1,"34":1,"35":132,"36":2,"37":2,"38":1,"39":1,"40":0,"41":0,"42":1,"43":1,"44":132,"45":62,"46":30,"47":0,"48":12,"49":8},"f":{"0":132,"1":2,"2":2,"3":2,"4":2,"5":2,"6":62,"7":30,"8":0,"9":12,"10":8},"b":{"0":[1,0],"1":[1,0],"2":[1,0],"3":[1,0],"4":[1,0],"5":[0,0],"6":[132,10]},"_coverageSchema":"1a1c01bbd47fc00a2c39e90264f33305004495a9","hash":"164e0f5c1a13948f628eddbc563530e658ecb6ea"}
,"C:\\Users\\Robert\\Documents\\314-chat-app\\frontend\\src\\pages\\chatrooms\\chatrooms.jsx": {"path":"C:\\Users\\Robert\\Documents\\314-chat-app\\frontend\\src\\pages\\chatrooms\\chatrooms.jsx","statementMap":{"0":{"start":{"line":8,"column":18},"end":{"line":116,"column":1}},"1":{"start":{"line":9,"column":36},"end":{"line":9,"column":48}},"2":{"start":{"line":10,"column":34},"end":{"line":10,"column":46}},"3":{"start":{"line":12,"column":29},"end":{"line":33,"column":5}},"4":{"start":{"line":13,"column":8},"end":{"line":32,"column":9}},"5":{"start":{"line":14,"column":29},"end":{"line":19,"column":13}},"6":{"start":{"line":21,"column":12},"end":{"line":27,"column":13}},"7":{"start":{"line":22,"column":16},"end":{"line":22,"column":48}},"8":{"start":{"line":23,"column":19},"end":{"line":27,"column":13}},"9":{"start":{"line":24,"column":16},"end":{"line":24,"column":55}},"10":{"start":{"line":26,"column":14},"end":{"line":26,"column":52}},"11":{"start":{"line":30,"column":12},"end":{"line":30,"column":48}},"12":{"start":{"line":31,"column":12},"end":{"line":31,"column":31}},"13":{"start":{"line":36,"column":27},"end":{"line":51,"column":5}},"14":{"start":{"line":37,"column":6},"end":{"line":50,"column":7}},"15":{"start":{"line":38,"column":25},"end":{"line":40,"column":9}},"16":{"start":{"line":42,"column":8},"end":{"line":46,"column":9}},"17":{"start":{"line":43,"column":10},"end":{"line":43,"column":42}},"18":{"start":{"line":44,"column":15},"end":{"line":46,"column":9}},"19":{"start":{"line":45,"column":10},"end":{"line":45,"column":44}},"20":{"start":{"line":48,"column":8},"end":{"line":48,"column":44}},"21":{"start":{"line":49,"column":8},"end":{"line":49,"column":27}},"22":{"start":{"line":53,"column":30},"end":{"line":72,"column":5}},"23":{"start":{"line":54,"column":6},"end":{"line":71,"column":7}},"24":{"start":{"line":55,"column":25},"end":{"line":58,"column":9}},"25":{"start":{"line":60,"column":8},"end":{"line":66,"column":9}},"26":{"start":{"line":61,"column":10},"end":{"line":61,"column":42}},"27":{"start":{"line":62,"column":15},"end":{"line":66,"column":9}},"28":{"start":{"line":63,"column":10},"end":{"line":63,"column":49}},"29":{"start":{"line":65,"column":10},"end":{"line":65,"column":59}},"30":{"start":{"line":69,"column":8},"end":{"line":69,"column":45}},"31":{"start":{"line":70,"column":8},"end":{"line":70,"column":27}},"32":{"start":{"line":76,"column":4},"end":{"line":115,"column":6}},"33":{"start":{"line":92,"column":35},"end":{"line":92,"column":62}}},"fnMap":{"0":{"name":"(anonymous_0)","decl":{"start":{"line":8,"column":18},"end":{"line":8,"column":19}},"loc":{"start":{"line":8,"column":24},"end":{"line":116,"column":1}},"line":8},"1":{"name":"(anonymous_1)","decl":{"start":{"line":12,"column":29},"end":{"line":12,"column":30}},"loc":{"start":{"line":12,"column":40},"end":{"line":33,"column":5}},"line":12},"2":{"name":"(anonymous_2)","decl":{"start":{"line":36,"column":27},"end":{"line":36,"column":28}},"loc":{"start":{"line":36,"column":38},"end":{"line":51,"column":5}},"line":36},"3":{"name":"(anonymous_3)","decl":{"start":{"line":53,"column":30},"end":{"line":53,"column":31}},"loc":{"start":{"line":53,"column":41},"end":{"line":72,"column":5}},"line":53},"4":{"name":"(anonymous_4)","decl":{"start":{"line":92,"column":28},"end":{"line":92,"column":29}},"loc":{"start":{"line":92,"column":35},"end":{"line":92,"column":62}},"line":92}},"branchMap":{"0":{"loc":{"start":{"line":21,"column":12},"end":{"line":27,"column":13}},"type":"if","locations":[{"start":{"line":21,"column":12},"end":{"line":27,"column":13}},{"start":{"line":23,"column":19},"end":{"line":27,"column":13}}],"line":21},"1":{"loc":{"start":{"line":23,"column":19},"end":{"line":27,"column":13}},"type":"if","locations":[{"start":{"line":23,"column":19},"end":{"line":27,"column":13}},{"start":{"line":25,"column":19},"end":{"line":27,"column":13}}],"line":23},"2":{"loc":{"start":{"line":42,"column":8},"end":{"line":46,"column":9}},"type":"if","locations":[{"start":{"line":42,"column":8},"end":{"line":46,"column":9}},{"start":{"line":44,"column":15},"end":{"line":46,"column":9}}],"line":42},"3":{"loc":{"start":{"line":44,"column":15},"end":{"line":46,"column":9}},"type":"if","locations":[{"start":{"line":44,"column":15},"end":{"line":46,"column":9}},{"start":{},"end":{}}],"line":44},"4":{"loc":{"start":{"line":60,"column":8},"end":{"line":66,"column":9}},"type":"if","locations":[{"start":{"line":60,"column":8},"end":{"line":66,"column":9}},{"start":{"line":62,"column":15},"end":{"line":66,"column":9}}],"line":60},"5":{"loc":{"start":{"line":62,"column":15},"end":{"line":66,"column":9}},"type":"if","locations":[{"start":{"line":62,"column":15},"end":{"line":66,"column":9}},{"start":{"line":64,"column":15},"end":{"line":66,"column":9}}],"line":62},"6":{"loc":{"start":{"line":105,"column":17},"end":{"line":107,"column":17}},"type":"binary-expr","locations":[{"start":{"line":105,"column":17},"end":{"line":105,"column":24}},{"start":{"line":106,"column":18},"end":{"line":106,"column":77}}],"line":105}},"s":{"0":1,"1":61,"2":61,"3":61,"4":4,"5":4,"6":3,"7":1,"8":2,"9":1,"10":1,"11":1,"12":1,"13":61,"14":3,"15":3,"16":2,"17":1,"18":1,"19":1,"20":1,"21":1,"22":61,"23":4,"24":4,"25":3,"26":1,"27":2,"28":1,"29":1,"30":1,"31":1,"32":61,"33":39},"f":{"0":61,"1":4,"2":3,"3":4,"4":39},"b":{"0":[1,2],"1":[1,1],"2":[1,1],"3":[1,0],"4":[1,2],"5":[1,1],"6":[61,11]},"_coverageSchema":"1a1c01bbd47fc00a2c39e90264f33305004495a9","hash":"96aace63489fefaac9fd794614d0d0b48b09f259"}
,"C:\\Users\\Robert\\Documents\\314-chat-app\\frontend\\src\\pages\\contacts\\index.jsx": {"path":"C:\\Users\\Robert\\Documents\\314-chat-app\\frontend\\src\\pages\\contacts\\index.jsx","statementMap":{"0":{"start":{"line":8,"column":17},"end":{"line":88,"column":1}},"1":{"start":{"line":9,"column":40},"end":{"line":9,"column":52}},"2":{"start":{"line":10,"column":34},"end":{"line":10,"column":46}},"3":{"start":{"line":12,"column":30},"end":{"line":32,"column":5}},"4":{"start":{"line":13,"column":8},"end":{"line":31,"column":9}},"5":{"start":{"line":14,"column":29},"end":{"line":19,"column":13}},"6":{"start":{"line":21,"column":12},"end":{"line":26,"column":13}},"7":{"start":{"line":22,"column":16},"end":{"line":22,"column":42}},"8":{"start":{"line":23,"column":16},"end":{"line":23,"column":59}},"9":{"start":{"line":25,"column":16},"end":{"line":25,"column":50}},"10":{"start":{"line":29,"column":12},"end":{"line":29,"column":48}},"11":{"start":{"line":30,"column":12},"end":{"line":30,"column":31}},"12":{"start":{"line":34,"column":28},"end":{"line":48,"column":5}},"13":{"start":{"line":35,"column":6},"end":{"line":47,"column":7}},"14":{"start":{"line":36,"column":25},"end":{"line":38,"column":9}},"15":{"start":{"line":40,"column":8},"end":{"line":42,"column":9}},"16":{"start":{"line":41,"column":10},"end":{"line":41,"column":36}},"17":{"start":{"line":45,"column":8},"end":{"line":45,"column":44}},"18":{"start":{"line":46,"column":8},"end":{"line":46,"column":27}},"19":{"start":{"line":51,"column":4},"end":{"line":87,"column":6}},"20":{"start":{"line":67,"column":35},"end":{"line":67,"column":64}}},"fnMap":{"0":{"name":"(anonymous_0)","decl":{"start":{"line":8,"column":17},"end":{"line":8,"column":18}},"loc":{"start":{"line":8,"column":23},"end":{"line":88,"column":1}},"line":8},"1":{"name":"(anonymous_1)","decl":{"start":{"line":12,"column":30},"end":{"line":12,"column":31}},"loc":{"start":{"line":12,"column":41},"end":{"line":32,"column":5}},"line":12},"2":{"name":"(anonymous_2)","decl":{"start":{"line":34,"column":28},"end":{"line":34,"column":29}},"loc":{"start":{"line":34,"column":39},"end":{"line":48,"column":5}},"line":34},"3":{"name":"(anonymous_3)","decl":{"start":{"line":67,"column":28},"end":{"line":67,"column":29}},"loc":{"start":{"line":67,"column":35},"end":{"line":67,"column":64}},"line":67}},"branchMap":{"0":{"loc":{"start":{"line":21,"column":12},"end":{"line":26,"column":13}},"type":"if","locations":[{"start":{"line":21,"column":12},"end":{"line":26,"column":13}},{"start":{"line":24,"column":19},"end":{"line":26,"column":13}}],"line":21},"1":{"loc":{"start":{"line":40,"column":8},"end":{"line":42,"column":9}},"type":"if","locations":[{"start":{"line":40,"column":8},"end":{"line":42,"column":9}},{"start":{},"end":{}}],"line":40},"2":{"loc":{"start":{"line":77,"column":17},"end":{"line":79,"column":17}},"type":"binary-expr","locations":[{"start":{"line":77,"column":17},"end":{"line":77,"column":24}},{"start":{"line":78,"column":18},"end":{"line":78,"column":77}}],"line":77}},"s":{"0":1,"1":21,"2":21,"3":21,"4":3,"5":3,"6":2,"7":1,"8":1,"9":1,"10":1,"11":1,"12":21,"13":2,"14":2,"15":1,"16":1,"17":1,"18":1,"19":21,"20":11},"f":{"0":21,"1":3,"2":2,"3":11},"b":{"0":[1,1],"1":[1,0],"2":[21,5]},"_coverageSchema":"1a1c01bbd47fc00a2c39e90264f33305004495a9","hash":"425312b6f498e0465112b94b2063e215e525f626"}
,"C:\\Users\\Robert\\Documents\\314-chat-app\\frontend\\src\\pages\\messages\\messages.jsx": {"path":"C:\\Users\\Robert\\Documents\\314-chat-app\\frontend\\src\\pages\\messages\\messages.jsx","statementMap":{"0":{"start":{"line":8,"column":17},"end":{"line":105,"column":1}},"1":{"start":{"line":9,"column":36},"end":{"line":9,"column":48}},"2":{"start":{"line":10,"column":32},"end":{"line":10,"column":44}},"3":{"start":{"line":11,"column":32},"end":{"line":11,"column":44}},"4":{"start":{"line":12,"column":34},"end":{"line":12,"column":46}},"5":{"start":{"line":14,"column":30},"end":{"line":32,"column":5}},"6":{"start":{"line":15,"column":8},"end":{"line":31,"column":9}},"7":{"start":{"line":16,"column":29},"end":{"line":21,"column":13}},"8":{"start":{"line":23,"column":12},"end":{"line":27,"column":13}},"9":{"start":{"line":24,"column":16},"end":{"line":24,"column":43}},"10":{"start":{"line":26,"column":16},"end":{"line":26,"column":74}},"11":{"start":{"line":29,"column":12},"end":{"line":29,"column":49}},"12":{"start":{"line":30,"column":12},"end":{"line":30,"column":31}},"13":{"start":{"line":34,"column":30},"end":{"line":51,"column":5}},"14":{"start":{"line":35,"column":8},"end":{"line":50,"column":9}},"15":{"start":{"line":36,"column":29},"end":{"line":41,"column":13}},"16":{"start":{"line":43,"column":12},"end":{"line":47,"column":13}},"17":{"start":{"line":44,"column":16},"end":{"line":44,"column":45}},"18":{"start":{"line":46,"column":16},"end":{"line":46,"column":70}},"19":{"start":{"line":49,"column":12},"end":{"line":49,"column":49}},"20":{"start":{"line":54,"column":4},"end":{"line":104,"column":6}},"21":{"start":{"line":70,"column":35},"end":{"line":70,"column":62}},"22":{"start":{"line":77,"column":35},"end":{"line":77,"column":60}},"23":{"start":{"line":84,"column":35},"end":{"line":84,"column":60}}},"fnMap":{"0":{"name":"(anonymous_0)","decl":{"start":{"line":8,"column":17},"end":{"line":8,"column":18}},"loc":{"start":{"line":8,"column":23},"end":{"line":105,"column":1}},"line":8},"1":{"name":"(anonymous_1)","decl":{"start":{"line":14,"column":30},"end":{"line":14,"column":31}},"loc":{"start":{"line":14,"column":41},"end":{"line":32,"column":5}},"line":14},"2":{"name":"(anonymous_2)","decl":{"start":{"line":34,"column":30},"end":{"line":34,"column":31}},"loc":{"start":{"line":34,"column":41},"end":{"line":51,"column":5}},"line":34},"3":{"name":"(anonymous_3)","decl":{"start":{"line":70,"column":28},"end":{"line":70,"column":29}},"loc":{"start":{"line":70,"column":35},"end":{"line":70,"column":62}},"line":70},"4":{"name":"(anonymous_4)","decl":{"start":{"line":77,"column":28},"end":{"line":77,"column":29}},"loc":{"start":{"line":77,"column":35},"end":{"line":77,"column":60}},"line":77},"5":{"name":"(anonymous_5)","decl":{"start":{"line":84,"column":28},"end":{"line":84,"column":29}},"loc":{"start":{"line":84,"column":35},"end":{"line":84,"column":60}},"line":84}},"branchMap":{"0":{"loc":{"start":{"line":23,"column":12},"end":{"line":27,"column":13}},"type":"if","locations":[{"start":{"line":23,"column":12},"end":{"line":27,"column":13}},{"start":{"line":25,"column":19},"end":{"line":27,"column":13}}],"line":23},"1":{"loc":{"start":{"line":43,"column":12},"end":{"line":47,"column":13}},"type":"if","locations":[{"start":{"line":43,"column":12},"end":{"line":47,"column":13}},{"start":{"line":45,"column":19},"end":{"line":47,"column":13}}],"line":43},"2":{"loc":{"start":{"line":94,"column":17},"end":{"line":96,"column":17}},"type":"binary-expr","locations":[{"start":{"line":94,"column":17},"end":{"line":94,"column":24}},{"start":{"line":95,"column":18},"end":{"line":95,"column":77}}],"line":94}},"s":{"0":1,"1":83,"2":83,"3":83,"4":83,"5":83,"6":3,"7":3,"8":2,"9":1,"10":1,"11":1,"12":1,"13":83,"14":3,"15":3,"16":2,"17":1,"18":1,"19":1,"20":83,"21":24,"22":8,"23":39},"f":{"0":83,"1":3,"2":3,"3":24,"4":8,"5":39},"b":{"0":[1,1],"1":[1,1],"2":[83,6]},"_coverageSchema":"1a1c01bbd47fc00a2c39e90264f33305004495a9","hash":"180514524e7baf41f773c2dd88bd8a501dd68467"}
}
