{"C:\\Users\\Robert\\Documents\\314-chat-app\\frontend\\src\\components\\ui\\button.jsx": {"path":"C:\\Users\\Robert\\Documents\\314-chat-app\\frontend\\src\\components\\ui\\button.jsx","statementMap":{"0":{"start":{"line":7,"column":23},"end":{"line":34,"column":1}},"1":{"start":{"line":36,"column":15},"end":{"line":44,"column":2}},"2":{"start":{"line":37,"column":15},"end":{"line":37,"column":40}},"3":{"start":{"line":38,"column":2},"end":{"line":43,"column":4}},"4":{"start":{"line":45,"column":0},"end":{"line":45,"column":29}}},"fnMap":{"0":{"name":"(anonymous_0)","decl":{"start":{"line":36,"column":32},"end":{"line":36,"column":33}},"loc":{"start":{"line":36,"column":98},"end":{"line":44,"column":1}},"line":36}},"branchMap":{"0":{"loc":{"start":{"line":36,"column":61},"end":{"line":36,"column":76}},"type":"default-arg","locations":[{"start":{"line":36,"column":71},"end":{"line":36,"column":76}}],"line":36},"1":{"loc":{"start":{"line":37,"column":15},"end":{"line":37,"column":40}},"type":"cond-expr","locations":[{"start":{"line":37,"column":25},"end":{"line":37,"column":29}},{"start":{"line":37,"column":32},"end":{"line":37,"column":40}}],"line":37}},"s":{"0":1,"1":1,"2":660,"3":660,"4":1},"f":{"0":660},"b":{"0":[660],"1":[0,660]},"_coverageSchema":"1a1c01bbd47fc00a2c39e90264f33305004495a9","hash":"d9e8777e4a8655683fdc87c1a24466dd636051f4"}
,"C:\\Users\\Robert\\Documents\\314-chat-app\\frontend\\src\\components\\ui\\input.jsx": {"path":"C:\\Users\\Robert\\Documents\\314-chat-app\\frontend\\src\\components\\ui\\input.jsx","statementMap":{"0":{"start":{"line":5,"column":14},"end":{"line":16,"column":2}},"1":{"start":{"line":6,"column":2},"end":{"line":15,"column":4}},"2":{"start":{"line":17,"column":0},"end":{"line":17,"column":27}}},"fnMap":{"0":{"name":"(anonymous_0)","decl":{"start":{"line":5,"column":31},"end":{"line":5,"column":32}},"loc":{"start":{"line":5,"column":71},"end":{"line":16,"column":1}},"line":5}},"branchMap":{},"s":{"0":1,"1":660,"2":1},"f":{"0":660},"b":{},"_coverageSchema":"1a1c01bbd47fc00a2c39e90264f33305004495a9","hash":"bf3be245016292542b63dc966c89349ce3c8c31a"}
,"C:\\Users\\Robert\\Documents\\314-chat-app\\frontend\\src\\lib\\utils.js": {"path":"C:\\Users\\Robert\\Documents\\314-chat-app\\frontend\\src\\lib\\utils.js","statementMap":{"0":{"start":{"line":5,"column":2},"end":{"line":5,"column":31}}},"fnMap":{"0":{"name":"cn","decl":{"start":{"line":4,"column":16},"end":{"line":4,"column":18}},"loc":{"start":{"line":4,"column":30},"end":{"line":6,"column":1}},"line":4}},"branchMap":{},"s":{"0":1320},"f":{"0":1320},"b":{},"_coverageSchema":"1a1c01bbd47fc00a2c39e90264f33305004495a9","hash":"ea7baaa64812208273c28c6528a96d77ea98df34"}
,"C:\\Users\\Robert\\Documents\\314-chat-app\\frontend\\src\\pages\\auth\\index.jsx": {"path":"C:\\Users\\Robert\\Documents\\314-chat-app\\frontend\\src\\pages\\auth\\index.jsx","statementMap":{"0":{"start":{"line":14,"column":15},"end":{"line":189,"column":5}},"1":{"start":{"line":15,"column":30},"end":{"line":15,"column":42}},"2":{"start":{"line":16,"column":36},"end":{"line":16,"column":48}},"3":{"start":{"line":17,"column":50},"end":{"line":17,"column":62}},"4":{"start":{"line":18,"column":34},"end":{"line":18,"column":46}},"5":{"start":{"line":19,"column":38},"end":{"line":19,"column":50}},"6":{"start":{"line":20,"column":36},"end":{"line":20,"column":48}},"7":{"start":{"line":22,"column":32},"end":{"line":39,"column":5}},"8":{"start":{"line":23,"column":6},"end":{"line":38,"column":7}},"9":{"start":{"line":24,"column":25},"end":{"line":30,"column":9}},"10":{"start":{"line":32,"column":8},"end":{"line":34,"column":9}},"11":{"start":{"line":33,"column":10},"end":{"line":33,"column":41}},"12":{"start":{"line":36,"column":8},"end":{"line":36,"column":47}},"13":{"start":{"line":37,"column":8},"end":{"line":37,"column":27}},"14":{"start":{"line":41,"column":30},"end":{"line":54,"column":5}},"15":{"start":{"line":42,"column":6},"end":{"line":53,"column":7}},"16":{"start":{"line":43,"column":25},"end":{"line":45,"column":9}},"17":{"start":{"line":47,"column":8},"end":{"line":49,"column":9}},"18":{"start":{"line":48,"column":10},"end":{"line":48,"column":40}},"19":{"start":{"line":51,"column":8},"end":{"line":51,"column":47}},"20":{"start":{"line":52,"column":8},"end":{"line":52,"column":27}},"21":{"start":{"line":56,"column":25},"end":{"line":72,"column":5}},"22":{"start":{"line":57,"column":6},"end":{"line":71,"column":7}},"23":{"start":{"line":58,"column":23},"end":{"line":63,"column":7}},"24":{"start":{"line":65,"column":6},"end":{"line":67,"column":7}},"25":{"start":{"line":66,"column":8},"end":{"line":66,"column":41}},"26":{"start":{"line":69,"column":8},"end":{"line":69,"column":55}},"27":{"start":{"line":70,"column":8},"end":{"line":70,"column":27}},"28":{"start":{"line":74,"column":24},"end":{"line":91,"column":5}},"29":{"start":{"line":75,"column":6},"end":{"line":90,"column":7}},"30":{"start":{"line":76,"column":25},"end":{"line":83,"column":9}},"31":{"start":{"line":84,"column":8},"end":{"line":86,"column":9}},"32":{"start":{"line":85,"column":10},"end":{"line":85,"column":42}},"33":{"start":{"line":88,"column":8},"end":{"line":88,"column":54}},"34":{"start":{"line":89,"column":8},"end":{"line":89,"column":27}},"35":{"start":{"line":93,"column":25},"end":{"line":113,"column":7}},"36":{"start":{"line":94,"column":8},"end":{"line":112,"column":9}},"37":{"start":{"line":95,"column":27},"end":{"line":102,"column":11}},"38":{"start":{"line":103,"column":10},"end":{"line":108,"column":11}},"39":{"start":{"line":104,"column":12},"end":{"line":104,"column":45}},"40":{"start":{"line":106,"column":15},"end":{"line":108,"column":11}},"41":{"start":{"line":107,"column":12},"end":{"line":107,"column":52}},"42":{"start":{"line":110,"column":10},"end":{"line":110,"column":57}},"43":{"start":{"line":111,"column":10},"end":{"line":111,"column":29}},"44":{"start":{"line":116,"column":6},"end":{"line":188,"column":8}},"45":{"start":{"line":132,"column":37},"end":{"line":132,"column":61}},"46":{"start":{"line":139,"column":37},"end":{"line":139,"column":64}},"47":{"start":{"line":146,"column":37},"end":{"line":146,"column":71}},"48":{"start":{"line":153,"column":37},"end":{"line":153,"column":65}},"49":{"start":{"line":160,"column":37},"end":{"line":160,"column":64}}},"fnMap":{"0":{"name":"(anonymous_0)","decl":{"start":{"line":14,"column":15},"end":{"line":14,"column":16}},"loc":{"start":{"line":14,"column":21},"end":{"line":189,"column":5}},"line":14},"1":{"name":"(anonymous_1)","decl":{"start":{"line":22,"column":32},"end":{"line":22,"column":33}},"loc":{"start":{"line":22,"column":43},"end":{"line":39,"column":5}},"line":22},"2":{"name":"(anonymous_2)","decl":{"start":{"line":41,"column":30},"end":{"line":41,"column":31}},"loc":{"start":{"line":41,"column":42},"end":{"line":54,"column":5}},"line":41},"3":{"name":"(anonymous_3)","decl":{"start":{"line":56,"column":25},"end":{"line":56,"column":26}},"loc":{"start":{"line":56,"column":37},"end":{"line":72,"column":5}},"line":56},"4":{"name":"(anonymous_4)","decl":{"start":{"line":74,"column":24},"end":{"line":74,"column":25}},"loc":{"start":{"line":74,"column":36},"end":{"line":91,"column":5}},"line":74},"5":{"name":"(anonymous_5)","decl":{"start":{"line":93,"column":25},"end":{"line":93,"column":26}},"loc":{"start":{"line":93,"column":37},"end":{"line":113,"column":7}},"line":93},"6":{"name":"(anonymous_6)","decl":{"start":{"line":132,"column":30},"end":{"line":132,"column":31}},"loc":{"start":{"line":132,"column":37},"end":{"line":132,"column":61}},"line":132},"7":{"name":"(anonymous_7)","decl":{"start":{"line":139,"column":30},"end":{"line":139,"column":31}},"loc":{"start":{"line":139,"column":37},"end":{"line":139,"column":64}},"line":139},"8":{"name":"(anonymous_8)","decl":{"start":{"line":146,"column":30},"end":{"line":146,"column":31}},"loc":{"start":{"line":146,"column":37},"end":{"line":146,"column":71}},"line":146},"9":{"name":"(anonymous_9)","decl":{"start":{"line":153,"column":30},"end":{"line":153,"column":31}},"loc":{"start":{"line":153,"column":37},"end":{"line":153,"column":65}},"line":153},"10":{"name":"(anonymous_10)","decl":{"start":{"line":160,"column":30},"end":{"line":160,"column":31}},"loc":{"start":{"line":160,"column":37},"end":{"line":160,"column":64}},"line":160}},"branchMap":{"0":{"loc":{"start":{"line":32,"column":8},"end":{"line":34,"column":9}},"type":"if","locations":[{"start":{"line":32,"column":8},"end":{"line":34,"column":9}},{"start":{},"end":{}}],"line":32},"1":{"loc":{"start":{"line":47,"column":8},"end":{"line":49,"column":9}},"type":"if","locations":[{"start":{"line":47,"column":8},"end":{"line":49,"column":9}},{"start":{},"end":{}}],"line":47},"2":{"loc":{"start":{"line":65,"column":6},"end":{"line":67,"column":7}},"type":"if","locations":[{"start":{"line":65,"column":6},"end":{"line":67,"column":7}},{"start":{},"end":{}}],"line":65},"3":{"loc":{"start":{"line":84,"column":8},"end":{"line":86,"column":9}},"type":"if","locations":[{"start":{"line":84,"column":8},"end":{"line":86,"column":9}},{"start":{},"end":{}}],"line":84},"4":{"loc":{"start":{"line":103,"column":10},"end":{"line":108,"column":11}},"type":"if","locations":[{"start":{"line":103,"column":10},"end":{"line":108,"column":11}},{"start":{"line":106,"column":15},"end":{"line":108,"column":11}}],"line":103},"5":{"loc":{"start":{"line":106,"column":15},"end":{"line":108,"column":11}},"type":"if","locations":[{"start":{"line":106,"column":15},"end":{"line":108,"column":11}},{"start":{},"end":{}}],"line":106},"6":{"loc":{"start":{"line":178,"column":19},"end":{"line":180,"column":19}},"type":"binary-expr","locations":[{"start":{"line":178,"column":19},"end":{"line":178,"column":26}},{"start":{"line":179,"column":20},"end":{"line":179,"column":79}}],"line":178}},"s":{"0":1,"1":132,"2":132,"3":132,"4":132,"5":132,"6":132,"7":132,"8":2,"9":2,"10":1,"11":1,"12":1,"13":1,"14":132,"15":2,"16":2,"17":0,"18":0,"19":2,"20":2,"21":132,"22":2,"23":2,"24":1,"25":1,"26":1,"27":1,"28":132,"29":2,"30":2,"31":1,"32":1,"33":1,"34":1,"35":132,"36":2,"37":2,"38":1,"39":1,"40":0,"41":0,"42":1,"43":1,"44":132,"45":62,"46":30,"47":0,"48":12,"49":8},"f":{"0":132,"1":2,"2":2,"3":2,"4":2,"5":2,"6":62,"7":30,"8":0,"9":12,"10":8},"b":{"0":[1,0],"1":[0,0],"2":[1,0],"3":[1,0],"4":[1,0],"5":[0,0],"6":[132,10]},"_coverageSchema":"1a1c01bbd47fc00a2c39e90264f33305004495a9","hash":"164e0f5c1a13948f628eddbc563530e658ecb6ea"}
}
