TN:
SF:src\components\ui\button.jsx
FN:36,(anonymous_0)
FNF:1
FNH:1
FNDA:660,(anonymous_0)
DA:7,1
DA:36,1
DA:37,660
DA:38,660
DA:45,1
LF:5
LH:5
BRDA:36,0,0,660
BRDA:37,1,0,0
BRDA:37,1,1,660
BRF:3
BRH:2
end_of_record
TN:
SF:src\components\ui\input.jsx
FN:5,(anonymous_0)
FNF:1
FNH:1
FNDA:660,(anonymous_0)
DA:5,1
DA:6,660
DA:17,1
LF:3
LH:3
BRF:0
BRH:0
end_of_record
TN:
SF:src\lib\utils.js
FN:4,cn
FNF:1
FNH:1
FNDA:1320,cn
DA:5,1320
LF:1
LH:1
BRF:0
BRH:0
end_of_record
TN:
SF:src\pages\auth\index.jsx
FN:14,(anonymous_0)
FN:22,(anonymous_1)
FN:41,(anonymous_2)
FN:56,(anonymous_3)
FN:74,(anonymous_4)
FN:93,(anonymous_5)
FN:132,(anonymous_6)
FN:139,(anonymous_7)
FN:146,(anonymous_8)
FN:153,(anonymous_9)
FN:160,(anonymous_10)
FNF:11
FNH:10
FNDA:132,(anonymous_0)
FNDA:2,(anonymous_1)
FNDA:2,(anonymous_2)
FNDA:2,(anonymous_3)
FNDA:2,(anonymous_4)
FNDA:2,(anonymous_5)
FNDA:62,(anonymous_6)
FNDA:30,(anonymous_7)
FNDA:0,(anonymous_8)
FNDA:12,(anonymous_9)
FNDA:8,(anonymous_10)
DA:14,1
DA:15,132
DA:16,132
DA:17,132
DA:18,132
DA:19,132
DA:20,132
DA:22,132
DA:23,2
DA:24,2
DA:32,1
DA:33,1
DA:36,1
DA:37,1
DA:41,132
DA:42,2
DA:43,2
DA:47,0
DA:48,0
DA:51,2
DA:52,2
DA:56,132
DA:57,2
DA:58,2
DA:65,1
DA:66,1
DA:69,1
DA:70,1
DA:74,132
DA:75,2
DA:76,2
DA:84,1
DA:85,1
DA:88,1
DA:89,1
DA:93,132
DA:94,2
DA:95,2
DA:103,1
DA:104,1
DA:106,0
DA:107,0
DA:110,1
DA:111,1
DA:116,132
DA:132,62
DA:139,30
DA:146,0
DA:153,12
DA:160,8
LF:50
LH:45
BRDA:32,0,0,1
BRDA:32,0,1,0
BRDA:47,1,0,0
BRDA:47,1,1,0
BRDA:65,2,0,1
BRDA:65,2,1,0
BRDA:84,3,0,1
BRDA:84,3,1,0
BRDA:103,4,0,1
BRDA:103,4,1,0
BRDA:106,5,0,0
BRDA:106,5,1,0
BRDA:178,6,0,132
BRDA:178,6,1,10
BRF:14
BRH:6
end_of_record
