TN:
SF:src\components\ui\button.jsx
FN:36,(anonymous_0)
FNF:1
FNH:1
FNDA:1051,(anonymous_0)
DA:7,4
DA:36,4
DA:37,1051
DA:38,1051
DA:45,4
LF:5
LH:5
BRDA:36,0,0,1051
BRDA:37,1,0,0
BRDA:37,1,1,1051
BRF:3
BRH:2
end_of_record
TN:
SF:src\components\ui\input.jsx
FN:5,(anonymous_0)
FNF:1
FNH:1
FNDA:991,(anonymous_0)
DA:5,4
DA:6,991
DA:17,4
LF:3
LH:3
BRF:0
BRH:0
end_of_record
TN:
SF:src\lib\utils.js
FN:4,cn
FNF:1
FNH:1
FNDA:2042,cn
DA:5,2042
LF:1
LH:1
BRF:0
BRH:0
end_of_record
TN:
SF:src\pages\auth\index.jsx
FN:14,(anonymous_0)
FN:22,(anonymous_1)
FN:41,(anonymous_2)
FN:56,(anonymous_3)
FN:74,(anonymous_4)
FN:93,(anonymous_5)
FN:132,(anonymous_6)
FN:139,(anonymous_7)
FN:146,(anonymous_8)
FN:153,(anonymous_9)
FN:160,(anonymous_10)
FNF:11
FNH:10
FNDA:132,(anonymous_0)
FNDA:2,(anonymous_1)
FNDA:2,(anonymous_2)
FNDA:2,(anonymous_3)
FNDA:2,(anonymous_4)
FNDA:2,(anonymous_5)
FNDA:62,(anonymous_6)
FNDA:30,(anonymous_7)
FNDA:0,(anonymous_8)
FNDA:12,(anonymous_9)
FNDA:8,(anonymous_10)
DA:14,1
DA:15,132
DA:16,132
DA:17,132
DA:18,132
DA:19,132
DA:20,132
DA:22,132
DA:23,2
DA:24,2
DA:32,1
DA:33,1
DA:36,1
DA:37,1
DA:41,132
DA:42,2
DA:43,2
DA:47,1
DA:48,1
DA:51,1
DA:52,1
DA:56,132
DA:57,2
DA:58,2
DA:65,1
DA:66,1
DA:69,1
DA:70,1
DA:74,132
DA:75,2
DA:76,2
DA:84,1
DA:85,1
DA:88,1
DA:89,1
DA:93,132
DA:94,2
DA:95,2
DA:103,1
DA:104,1
DA:106,0
DA:107,0
DA:110,1
DA:111,1
DA:116,132
DA:132,62
DA:139,30
DA:146,0
DA:153,12
DA:160,8
LF:50
LH:47
BRDA:32,0,0,1
BRDA:32,0,1,0
BRDA:47,1,0,1
BRDA:47,1,1,0
BRDA:65,2,0,1
BRDA:65,2,1,0
BRDA:84,3,0,1
BRDA:84,3,1,0
BRDA:103,4,0,1
BRDA:103,4,1,0
BRDA:106,5,0,0
BRDA:106,5,1,0
BRDA:178,6,0,132
BRDA:178,6,1,10
BRF:14
BRH:7
end_of_record
TN:
SF:src\pages\chatrooms\chatrooms.jsx
FN:8,(anonymous_0)
FN:12,(anonymous_1)
FN:36,(anonymous_2)
FN:53,(anonymous_3)
FN:92,(anonymous_4)
FNF:5
FNH:5
FNDA:61,(anonymous_0)
FNDA:4,(anonymous_1)
FNDA:3,(anonymous_2)
FNDA:4,(anonymous_3)
FNDA:39,(anonymous_4)
DA:8,1
DA:9,61
DA:10,61
DA:12,61
DA:13,4
DA:14,4
DA:21,3
DA:22,1
DA:23,2
DA:24,1
DA:26,1
DA:30,1
DA:31,1
DA:36,61
DA:37,3
DA:38,3
DA:42,2
DA:43,1
DA:44,1
DA:45,1
DA:48,1
DA:49,1
DA:53,61
DA:54,4
DA:55,4
DA:60,3
DA:61,1
DA:62,2
DA:63,1
DA:65,1
DA:69,1
DA:70,1
DA:76,61
DA:92,39
LF:34
LH:34
BRDA:21,0,0,1
BRDA:21,0,1,2
BRDA:23,1,0,1
BRDA:23,1,1,1
BRDA:42,2,0,1
BRDA:42,2,1,1
BRDA:44,3,0,1
BRDA:44,3,1,0
BRDA:60,4,0,1
BRDA:60,4,1,2
BRDA:62,5,0,1
BRDA:62,5,1,1
BRDA:105,6,0,61
BRDA:105,6,1,11
BRF:14
BRH:13
end_of_record
TN:
SF:src\pages\contacts\index.jsx
FN:8,(anonymous_0)
FN:12,(anonymous_1)
FN:34,(anonymous_2)
FN:67,(anonymous_3)
FNF:4
FNH:4
FNDA:21,(anonymous_0)
FNDA:3,(anonymous_1)
FNDA:2,(anonymous_2)
FNDA:11,(anonymous_3)
DA:8,1
DA:9,21
DA:10,21
DA:12,21
DA:13,3
DA:14,3
DA:21,2
DA:22,1
DA:23,1
DA:25,1
DA:29,1
DA:30,1
DA:34,21
DA:35,2
DA:36,2
DA:40,1
DA:41,1
DA:45,1
DA:46,1
DA:51,21
DA:67,11
LF:21
LH:21
BRDA:21,0,0,1
BRDA:21,0,1,1
BRDA:40,1,0,1
BRDA:40,1,1,0
BRDA:77,2,0,21
BRDA:77,2,1,5
BRF:6
BRH:5
end_of_record
TN:
SF:src\pages\messages\messages.jsx
FN:8,(anonymous_0)
FN:14,(anonymous_1)
FN:34,(anonymous_2)
FN:70,(anonymous_3)
FN:77,(anonymous_4)
FN:84,(anonymous_5)
FNF:6
FNH:6
FNDA:83,(anonymous_0)
FNDA:3,(anonymous_1)
FNDA:3,(anonymous_2)
FNDA:24,(anonymous_3)
FNDA:8,(anonymous_4)
FNDA:39,(anonymous_5)
DA:8,1
DA:9,83
DA:10,83
DA:11,83
DA:12,83
DA:14,83
DA:15,3
DA:16,3
DA:23,2
DA:24,1
DA:26,1
DA:29,1
DA:30,1
DA:34,83
DA:35,3
DA:36,3
DA:43,2
DA:44,1
DA:46,1
DA:49,1
DA:54,83
DA:70,24
DA:77,8
DA:84,39
LF:24
LH:24
BRDA:23,0,0,1
BRDA:23,0,1,1
BRDA:43,1,0,1
BRDA:43,1,1,1
BRDA:94,2,0,83
BRDA:94,2,1,6
BRF:6
BRH:6
end_of_record
