<?xml version="1.0" encoding="UTF-8"?>
<coverage generated="1741987781939" clover="3.2.0">
  <project timestamp="1741987781939" name="All files">
    <metrics statements="247" coveredstatements="218" conditionals="61" coveredconditionals="55" methods="19" coveredmethods="13" elements="327" coveredelements="286" complexity="0" loc="247" ncloc="247" packages="1" files="1" classes="1"/>
    <file name="app.js" path="C:\Users\Robert\Downloads\chat-app\backend\app.js">
      <metrics statements="247" coveredstatements="218" conditionals="61" coveredconditionals="55" methods="19" coveredmethods="13"/>
      <line num="9" count="4" type="stmt"/>
      <line num="10" count="4" type="stmt"/>
      <line num="12" count="4" type="stmt"/>
      <line num="14" count="4" type="stmt"/>
      <line num="15" count="4" type="cond" truecount="1" falsecount="1"/>
      <line num="16" count="4" type="stmt"/>
      <line num="20" count="4" type="stmt"/>
      <line num="28" count="4" type="stmt"/>
      <line num="32" count="0" type="stmt"/>
      <line num="33" count="0" type="stmt"/>
      <line num="36" count="0" type="stmt"/>
      <line num="37" count="0" type="stmt"/>
      <line num="40" count="0" type="stmt"/>
      <line num="47" count="0" type="stmt"/>
      <line num="48" count="0" type="stmt"/>
      <line num="50" count="0" type="stmt"/>
      <line num="51" count="0" type="stmt"/>
      <line num="52" count="0" type="stmt"/>
      <line num="55" count="0" type="stmt"/>
      <line num="56" count="0" type="stmt"/>
      <line num="57" count="0" type="stmt"/>
      <line num="59" count="0" type="stmt"/>
      <line num="60" count="0" type="stmt"/>
      <line num="61" count="0" type="stmt"/>
      <line num="63" count="0" type="stmt"/>
      <line num="67" count="0" type="stmt"/>
      <line num="68" count="0" type="stmt"/>
      <line num="74" count="4" type="cond" truecount="1" falsecount="1"/>
      <line num="75" count="0" type="stmt"/>
      <line num="79" count="4" type="stmt"/>
      <line num="85" count="4" type="stmt"/>
      <line num="89" count="4" type="stmt"/>
      <line num="98" count="4" type="stmt"/>
      <line num="101" count="4" type="stmt"/>
      <line num="106" count="4" type="stmt"/>
      <line num="109" count="4" type="stmt"/>
      <line num="117" count="4" type="stmt"/>
      <line num="120" count="4" type="stmt"/>
      <line num="121" count="20" type="stmt"/>
      <line num="122" count="20" type="stmt"/>
      <line num="125" count="20" type="stmt"/>
      <line num="128" count="20" type="cond" truecount="4" falsecount="0"/>
      <line num="129" count="2" type="stmt"/>
      <line num="135" count="18" type="stmt"/>
      <line num="136" count="18" type="cond" truecount="2" falsecount="0"/>
      <line num="137" count="2" type="stmt"/>
      <line num="140" count="16" type="stmt"/>
      <line num="143" count="16" type="stmt"/>
      <line num="144" count="16" type="stmt"/>
      <line num="146" count="15" type="stmt"/>
      <line num="147" count="15" type="stmt"/>
      <line num="149" count="15" type="stmt"/>
      <line num="150" count="15" type="stmt"/>
      <line num="152" count="1" type="stmt"/>
      <line num="153" count="1" type="stmt"/>
      <line num="158" count="4" type="stmt"/>
      <line num="159" count="17" type="stmt"/>
      <line num="160" count="17" type="stmt"/>
      <line num="163" count="17" type="stmt"/>
      <line num="166" count="17" type="cond" truecount="4" falsecount="0"/>
      <line num="167" count="2" type="stmt"/>
      <line num="173" count="15" type="stmt"/>
      <line num="174" count="14" type="cond" truecount="2" falsecount="0"/>
      <line num="175" count="2" type="stmt"/>
      <line num="178" count="12" type="stmt"/>
      <line num="180" count="12" type="stmt"/>
      <line num="182" count="12" type="cond" truecount="2" falsecount="0"/>
      <line num="183" count="11" type="stmt"/>
      <line num="184" count="11" type="stmt"/>
      <line num="185" count="11" type="stmt"/>
      <line num="186" count="11" type="stmt"/>
      <line num="188" count="1" type="stmt"/>
      <line num="189" count="1" type="stmt"/>
      <line num="192" count="1" type="stmt"/>
      <line num="193" count="1" type="stmt"/>
      <line num="198" count="4" type="stmt"/>
      <line num="199" count="1" type="stmt"/>
      <line num="200" count="1" type="stmt"/>
      <line num="202" count="1" type="stmt"/>
      <line num="203" count="1" type="stmt"/>
      <line num="205" count="0" type="stmt"/>
      <line num="206" count="0" type="stmt"/>
      <line num="211" count="4" type="stmt"/>
      <line num="213" count="3" type="cond" truecount="2" falsecount="0"/>
      <line num="214" count="3" type="cond" truecount="2" falsecount="0"/>
      <line num="216" count="2" type="stmt"/>
      <line num="217" count="2" type="stmt"/>
      <line num="219" count="2" type="stmt"/>
      <line num="221" count="2" type="stmt"/>
      <line num="222" count="1" type="stmt"/>
      <line num="224" count="1" type="stmt"/>
      <line num="225" count="1" type="cond" truecount="1" falsecount="1"/>
      <line num="227" count="1" type="stmt"/>
      <line num="228" count="1" type="stmt"/>
      <line num="231" count="1" type="stmt"/>
      <line num="232" count="1" type="stmt"/>
      <line num="237" count="4" type="stmt"/>
      <line num="239" count="7" type="cond" truecount="2" falsecount="0"/>
      <line num="241" count="7" type="cond" truecount="1" falsecount="1"/>
      <line num="243" count="7" type="stmt"/>
      <line num="244" count="7" type="stmt"/>
      <line num="246" count="7" type="stmt"/>
      <line num="248" count="7" type="stmt"/>
      <line num="249" count="6" type="stmt"/>
      <line num="251" count="6" type="cond" truecount="1" falsecount="1"/>
      <line num="252" count="0" type="stmt"/>
      <line num="253" count="0" type="stmt"/>
      <line num="254" count="0" type="stmt"/>
      <line num="257" count="6" type="stmt"/>
      <line num="259" count="6" type="cond" truecount="4" falsecount="0"/>
      <line num="260" count="2" type="stmt"/>
      <line num="261" count="2" type="stmt"/>
      <line num="262" count="2" type="stmt"/>
      <line num="265" count="4" type="stmt"/>
      <line num="271" count="4" type="stmt"/>
      <line num="272" count="4" type="stmt"/>
      <line num="274" count="1" type="stmt"/>
      <line num="275" count="1" type="stmt"/>
      <line num="280" count="4" type="stmt"/>
      <line num="281" count="4" type="stmt"/>
      <line num="283" count="4" type="stmt"/>
      <line num="284" count="4" type="stmt"/>
      <line num="286" count="4" type="stmt"/>
      <line num="288" count="4" type="cond" truecount="2" falsecount="0"/>
      <line num="289" count="1" type="stmt"/>
      <line num="290" count="1" type="stmt"/>
      <line num="291" count="1" type="stmt"/>
      <line num="294" count="3" type="stmt"/>
      <line num="296" count="3" type="stmt"/>
      <line num="304" count="2" type="cond" truecount="1" falsecount="1"/>
      <line num="305" count="2" type="stmt"/>
      <line num="306" count="2" type="stmt"/>
      <line num="308" count="0" type="stmt"/>
      <line num="309" count="0" type="stmt"/>
      <line num="314" count="1" type="stmt"/>
      <line num="315" count="1" type="stmt"/>
      <line num="320" count="4" type="stmt"/>
      <line num="322" count="2" type="cond" truecount="2" falsecount="0"/>
      <line num="324" count="2" type="cond" truecount="2" falsecount="0"/>
      <line num="326" count="1" type="stmt"/>
      <line num="327" count="1" type="stmt"/>
      <line num="329" count="1" type="stmt"/>
      <line num="330" count="1" type="stmt"/>
      <line num="332" count="1" type="stmt"/>
      <line num="336" count="1" type="stmt"/>
      <line num="337" count="1" type="stmt"/>
      <line num="340" count="0" type="stmt"/>
      <line num="341" count="0" type="stmt"/>
      <line num="346" count="4" type="stmt"/>
      <line num="347" count="17" type="stmt"/>
      <line num="348" count="17" type="stmt"/>
      <line num="350" count="17" type="stmt"/>
      <line num="352" count="17" type="cond" truecount="2" falsecount="0"/>
      <line num="353" count="1" type="stmt"/>
      <line num="354" count="1" type="stmt"/>
      <line num="355" count="1" type="stmt"/>
      <line num="358" count="16" type="stmt"/>
      <line num="359" count="16" type="cond" truecount="2" falsecount="0"/>
      <line num="360" count="1" type="stmt"/>
      <line num="361" count="1" type="stmt"/>
      <line num="362" count="1" type="stmt"/>
      <line num="365" count="15" type="stmt"/>
      <line num="366" count="15" type="stmt"/>
      <line num="368" count="14" type="stmt"/>
      <line num="369" count="14" type="stmt"/>
      <line num="371" count="1" type="stmt"/>
      <line num="372" count="1" type="stmt"/>
      <line num="377" count="4" type="stmt"/>
      <line num="378" count="3" type="stmt"/>
      <line num="379" count="3" type="stmt"/>
      <line num="382" count="3" type="stmt"/>
      <line num="384" count="2" type="cond" truecount="2" falsecount="0"/>
      <line num="385" count="1" type="stmt"/>
      <line num="386" count="1" type="stmt"/>
      <line num="388" count="1" type="stmt"/>
      <line num="389" count="1" type="stmt"/>
      <line num="393" count="1" type="stmt"/>
      <line num="394" count="1" type="stmt"/>
      <line num="400" count="4" type="stmt"/>
      <line num="401" count="4" type="stmt"/>
      <line num="402" count="4" type="stmt"/>
      <line num="404" count="4" type="stmt"/>
      <line num="406" count="4" type="cond" truecount="2" falsecount="0"/>
      <line num="407" count="1" type="stmt"/>
      <line num="408" count="1" type="stmt"/>
      <line num="409" count="1" type="stmt"/>
      <line num="412" count="3" type="stmt"/>
      <line num="413" count="2" type="stmt"/>
      <line num="415" count="2" type="cond" truecount="2" falsecount="0"/>
      <line num="416" count="1" type="stmt"/>
      <line num="417" count="1" type="stmt"/>
      <line num="418" count="1" type="stmt"/>
      <line num="421" count="1" type="stmt"/>
      <line num="422" count="1" type="stmt"/>
      <line num="424" count="1" type="stmt"/>
      <line num="425" count="1" type="stmt"/>
      <line num="432" count="4" type="stmt"/>
      <line num="433" count="7" type="stmt"/>
      <line num="434" count="7" type="stmt"/>
      <line num="436" count="7" type="stmt"/>
      <line num="438" count="7" type="cond" truecount="5" falsecount="0"/>
      <line num="439" count="4" type="stmt"/>
      <line num="440" count="4" type="stmt"/>
      <line num="441" count="4" type="stmt"/>
      <line num="444" count="3" type="stmt"/>
      <line num="445" count="3" type="stmt"/>
      <line num="447" count="2" type="stmt"/>
      <line num="448" count="2" type="stmt"/>
      <line num="450" count="1" type="stmt"/>
      <line num="451" count="1" type="stmt"/>
      <line num="457" count="4" type="stmt"/>
      <line num="458" count="4" type="stmt"/>
      <line num="459" count="4" type="stmt"/>
      <line num="461" count="4" type="stmt"/>
      <line num="463" count="4" type="cond" truecount="2" falsecount="0"/>
      <line num="464" count="1" type="stmt"/>
      <line num="465" count="1" type="stmt"/>
      <line num="466" count="1" type="stmt"/>
      <line num="469" count="3" type="stmt"/>
      <line num="471" count="2" type="cond" truecount="2" falsecount="0"/>
      <line num="472" count="1" type="stmt"/>
      <line num="473" count="1" type="stmt"/>
      <line num="475" count="1" type="stmt"/>
      <line num="476" count="1" type="stmt"/>
      <line num="480" count="1" type="stmt"/>
      <line num="481" count="1" type="stmt"/>
      <line num="487" count="4" type="stmt"/>
      <line num="488" count="4" type="stmt"/>
      <line num="489" count="4" type="stmt"/>
      <line num="490" count="4" type="stmt"/>
      <line num="491" count="4" type="stmt"/>
      <line num="492" count="4" type="stmt"/>
      <line num="493" count="4" type="stmt"/>
      <line num="494" count="4" type="stmt"/>
      <line num="497" count="4" type="stmt"/>
      <line num="500" count="4" type="stmt"/>
      <line num="503" count="4" type="stmt"/>
      <line num="506" count="4" type="stmt"/>
      <line num="509" count="4" type="stmt"/>
      <line num="512" count="4" type="stmt"/>
      <line num="515" count="4" type="stmt"/>
      <line num="518" count="4" type="stmt"/>
      <line num="521" count="4" type="stmt"/>
      <line num="524" count="4" type="stmt"/>
      <line num="527" count="4" type="stmt"/>
      <line num="530" count="4" type="stmt"/>
      <line num="538" count="9" type="stmt"/>
    </file>
  </project>
</coverage>
