<?xml version="1.0" encoding="UTF-8"?>
<coverage generated="1741878580459" clover="3.2.0">
  <project timestamp="1741878580459" name="All files">
    <metrics statements="247" coveredstatements="217" conditionals="61" coveredconditionals="55" methods="19" coveredmethods="13" elements="327" coveredelements="285" complexity="0" loc="247" ncloc="247" packages="1" files="1" classes="1"/>
    <file name="app.js" path="C:\Users\Robert\Downloads\chat-app\backend\app.js">
      <metrics statements="247" coveredstatements="217" conditionals="61" coveredconditionals="55" methods="19" coveredmethods="13"/>
      <line num="9" count="4" type="stmt"/>
      <line num="10" count="4" type="stmt"/>
      <line num="12" count="4" type="stmt"/>
      <line num="14" count="4" type="stmt"/>
      <line num="15" count="4" type="cond" truecount="1" falsecount="1"/>
      <line num="16" count="4" type="stmt"/>
      <line num="20" count="4" type="stmt"/>
      <line num="28" count="4" type="stmt"/>
      <line num="34" count="0" type="stmt"/>
      <line num="35" count="0" type="stmt"/>
      <line num="38" count="0" type="stmt"/>
      <line num="39" count="0" type="stmt"/>
      <line num="42" count="0" type="stmt"/>
      <line num="49" count="0" type="stmt"/>
      <line num="50" count="0" type="stmt"/>
      <line num="52" count="0" type="stmt"/>
      <line num="53" count="0" type="stmt"/>
      <line num="54" count="0" type="stmt"/>
      <line num="57" count="0" type="stmt"/>
      <line num="58" count="0" type="stmt"/>
      <line num="59" count="0" type="stmt"/>
      <line num="61" count="0" type="stmt"/>
      <line num="62" count="0" type="stmt"/>
      <line num="63" count="0" type="stmt"/>
      <line num="65" count="0" type="stmt"/>
      <line num="69" count="0" type="stmt"/>
      <line num="70" count="0" type="stmt"/>
      <line num="76" count="4" type="cond" truecount="1" falsecount="1"/>
      <line num="77" count="0" type="stmt"/>
      <line num="103" count="4" type="stmt"/>
      <line num="109" count="4" type="stmt"/>
      <line num="113" count="4" type="stmt"/>
      <line num="122" count="4" type="stmt"/>
      <line num="125" count="4" type="stmt"/>
      <line num="130" count="4" type="stmt"/>
      <line num="133" count="4" type="stmt"/>
      <line num="141" count="4" type="stmt"/>
      <line num="144" count="4" type="stmt"/>
      <line num="145" count="19" type="stmt"/>
      <line num="146" count="19" type="stmt"/>
      <line num="149" count="19" type="stmt"/>
      <line num="152" count="19" type="cond" truecount="4" falsecount="0"/>
      <line num="153" count="2" type="stmt"/>
      <line num="159" count="17" type="stmt"/>
      <line num="160" count="17" type="cond" truecount="1" falsecount="1"/>
      <line num="161" count="0" type="stmt"/>
      <line num="164" count="17" type="stmt"/>
      <line num="167" count="17" type="stmt"/>
      <line num="168" count="17" type="stmt"/>
      <line num="170" count="16" type="stmt"/>
      <line num="171" count="16" type="stmt"/>
      <line num="173" count="16" type="stmt"/>
      <line num="174" count="16" type="stmt"/>
      <line num="176" count="1" type="stmt"/>
      <line num="177" count="1" type="stmt"/>
      <line num="182" count="4" type="stmt"/>
      <line num="183" count="17" type="stmt"/>
      <line num="184" count="17" type="stmt"/>
      <line num="187" count="17" type="stmt"/>
      <line num="190" count="17" type="cond" truecount="4" falsecount="0"/>
      <line num="191" count="2" type="stmt"/>
      <line num="197" count="15" type="stmt"/>
      <line num="198" count="14" type="cond" truecount="2" falsecount="0"/>
      <line num="199" count="1" type="stmt"/>
      <line num="202" count="13" type="stmt"/>
      <line num="204" count="13" type="stmt"/>
      <line num="206" count="13" type="cond" truecount="2" falsecount="0"/>
      <line num="207" count="12" type="stmt"/>
      <line num="208" count="12" type="stmt"/>
      <line num="209" count="12" type="stmt"/>
      <line num="210" count="12" type="stmt"/>
      <line num="212" count="1" type="stmt"/>
      <line num="213" count="1" type="stmt"/>
      <line num="216" count="1" type="stmt"/>
      <line num="217" count="1" type="stmt"/>
      <line num="222" count="4" type="stmt"/>
      <line num="223" count="1" type="stmt"/>
      <line num="224" count="1" type="stmt"/>
      <line num="226" count="1" type="stmt"/>
      <line num="227" count="1" type="stmt"/>
      <line num="229" count="0" type="stmt"/>
      <line num="230" count="0" type="stmt"/>
      <line num="235" count="4" type="stmt"/>
      <line num="237" count="3" type="cond" truecount="2" falsecount="0"/>
      <line num="238" count="3" type="cond" truecount="2" falsecount="0"/>
      <line num="240" count="2" type="stmt"/>
      <line num="241" count="2" type="stmt"/>
      <line num="243" count="2" type="stmt"/>
      <line num="245" count="2" type="stmt"/>
      <line num="246" count="1" type="stmt"/>
      <line num="248" count="1" type="stmt"/>
      <line num="249" count="1" type="cond" truecount="1" falsecount="1"/>
      <line num="251" count="1" type="stmt"/>
      <line num="252" count="1" type="stmt"/>
      <line num="255" count="1" type="stmt"/>
      <line num="256" count="1" type="stmt"/>
      <line num="261" count="4" type="stmt"/>
      <line num="263" count="7" type="cond" truecount="2" falsecount="0"/>
      <line num="265" count="7" type="cond" truecount="1" falsecount="1"/>
      <line num="267" count="7" type="stmt"/>
      <line num="268" count="7" type="stmt"/>
      <line num="270" count="7" type="stmt"/>
      <line num="272" count="7" type="stmt"/>
      <line num="273" count="7" type="stmt"/>
      <line num="275" count="7" type="cond" truecount="1" falsecount="1"/>
      <line num="276" count="0" type="stmt"/>
      <line num="277" count="0" type="stmt"/>
      <line num="278" count="0" type="stmt"/>
      <line num="281" count="7" type="stmt"/>
      <line num="283" count="7" type="cond" truecount="4" falsecount="0"/>
      <line num="284" count="2" type="stmt"/>
      <line num="285" count="2" type="stmt"/>
      <line num="286" count="2" type="stmt"/>
      <line num="289" count="5" type="stmt"/>
      <line num="295" count="5" type="stmt"/>
      <line num="296" count="5" type="stmt"/>
      <line num="298" count="0" type="stmt"/>
      <line num="299" count="0" type="stmt"/>
      <line num="304" count="4" type="stmt"/>
      <line num="305" count="4" type="stmt"/>
      <line num="307" count="4" type="stmt"/>
      <line num="308" count="4" type="stmt"/>
      <line num="310" count="4" type="stmt"/>
      <line num="312" count="4" type="cond" truecount="2" falsecount="0"/>
      <line num="313" count="1" type="stmt"/>
      <line num="314" count="1" type="stmt"/>
      <line num="315" count="1" type="stmt"/>
      <line num="318" count="3" type="stmt"/>
      <line num="320" count="3" type="stmt"/>
      <line num="328" count="2" type="cond" truecount="2" falsecount="0"/>
      <line num="329" count="1" type="stmt"/>
      <line num="330" count="1" type="stmt"/>
      <line num="332" count="1" type="stmt"/>
      <line num="333" count="1" type="stmt"/>
      <line num="338" count="1" type="stmt"/>
      <line num="339" count="1" type="stmt"/>
      <line num="344" count="4" type="stmt"/>
      <line num="346" count="2" type="cond" truecount="2" falsecount="0"/>
      <line num="348" count="2" type="cond" truecount="2" falsecount="0"/>
      <line num="350" count="1" type="stmt"/>
      <line num="351" count="1" type="stmt"/>
      <line num="353" count="1" type="stmt"/>
      <line num="354" count="1" type="stmt"/>
      <line num="356" count="1" type="stmt"/>
      <line num="360" count="1" type="stmt"/>
      <line num="361" count="1" type="stmt"/>
      <line num="364" count="0" type="stmt"/>
      <line num="365" count="0" type="stmt"/>
      <line num="370" count="4" type="stmt"/>
      <line num="371" count="17" type="stmt"/>
      <line num="372" count="17" type="stmt"/>
      <line num="374" count="17" type="stmt"/>
      <line num="376" count="17" type="cond" truecount="2" falsecount="0"/>
      <line num="377" count="1" type="stmt"/>
      <line num="378" count="1" type="stmt"/>
      <line num="379" count="1" type="stmt"/>
      <line num="382" count="16" type="stmt"/>
      <line num="383" count="16" type="cond" truecount="2" falsecount="0"/>
      <line num="384" count="1" type="stmt"/>
      <line num="385" count="1" type="stmt"/>
      <line num="386" count="1" type="stmt"/>
      <line num="389" count="15" type="stmt"/>
      <line num="390" count="15" type="stmt"/>
      <line num="392" count="14" type="stmt"/>
      <line num="393" count="14" type="stmt"/>
      <line num="395" count="1" type="stmt"/>
      <line num="396" count="1" type="stmt"/>
      <line num="401" count="4" type="stmt"/>
      <line num="402" count="3" type="stmt"/>
      <line num="403" count="3" type="stmt"/>
      <line num="406" count="3" type="stmt"/>
      <line num="408" count="2" type="cond" truecount="2" falsecount="0"/>
      <line num="409" count="1" type="stmt"/>
      <line num="410" count="1" type="stmt"/>
      <line num="412" count="1" type="stmt"/>
      <line num="413" count="1" type="stmt"/>
      <line num="417" count="1" type="stmt"/>
      <line num="418" count="1" type="stmt"/>
      <line num="424" count="4" type="stmt"/>
      <line num="425" count="4" type="stmt"/>
      <line num="426" count="4" type="stmt"/>
      <line num="428" count="4" type="stmt"/>
      <line num="430" count="4" type="cond" truecount="2" falsecount="0"/>
      <line num="431" count="1" type="stmt"/>
      <line num="432" count="1" type="stmt"/>
      <line num="433" count="1" type="stmt"/>
      <line num="436" count="3" type="stmt"/>
      <line num="437" count="2" type="stmt"/>
      <line num="439" count="2" type="cond" truecount="2" falsecount="0"/>
      <line num="440" count="1" type="stmt"/>
      <line num="441" count="1" type="stmt"/>
      <line num="442" count="1" type="stmt"/>
      <line num="445" count="1" type="stmt"/>
      <line num="446" count="1" type="stmt"/>
      <line num="448" count="1" type="stmt"/>
      <line num="449" count="1" type="stmt"/>
      <line num="456" count="4" type="stmt"/>
      <line num="457" count="7" type="stmt"/>
      <line num="458" count="7" type="stmt"/>
      <line num="460" count="7" type="stmt"/>
      <line num="462" count="7" type="cond" truecount="5" falsecount="0"/>
      <line num="463" count="4" type="stmt"/>
      <line num="464" count="4" type="stmt"/>
      <line num="465" count="4" type="stmt"/>
      <line num="468" count="3" type="stmt"/>
      <line num="469" count="3" type="stmt"/>
      <line num="471" count="2" type="stmt"/>
      <line num="472" count="2" type="stmt"/>
      <line num="474" count="1" type="stmt"/>
      <line num="475" count="1" type="stmt"/>
      <line num="481" count="4" type="stmt"/>
      <line num="482" count="4" type="stmt"/>
      <line num="483" count="4" type="stmt"/>
      <line num="485" count="4" type="stmt"/>
      <line num="487" count="4" type="cond" truecount="2" falsecount="0"/>
      <line num="488" count="1" type="stmt"/>
      <line num="489" count="1" type="stmt"/>
      <line num="490" count="1" type="stmt"/>
      <line num="493" count="3" type="stmt"/>
      <line num="495" count="2" type="cond" truecount="2" falsecount="0"/>
      <line num="496" count="1" type="stmt"/>
      <line num="497" count="1" type="stmt"/>
      <line num="499" count="1" type="stmt"/>
      <line num="500" count="1" type="stmt"/>
      <line num="504" count="1" type="stmt"/>
      <line num="505" count="1" type="stmt"/>
      <line num="550" count="4" type="stmt"/>
      <line num="551" count="4" type="stmt"/>
      <line num="552" count="4" type="stmt"/>
      <line num="553" count="4" type="stmt"/>
      <line num="554" count="4" type="stmt"/>
      <line num="555" count="4" type="stmt"/>
      <line num="556" count="4" type="stmt"/>
      <line num="557" count="4" type="stmt"/>
      <line num="560" count="4" type="stmt"/>
      <line num="563" count="4" type="stmt"/>
      <line num="566" count="4" type="stmt"/>
      <line num="569" count="4" type="stmt"/>
      <line num="572" count="4" type="stmt"/>
      <line num="575" count="4" type="stmt"/>
      <line num="578" count="4" type="stmt"/>
      <line num="581" count="4" type="stmt"/>
      <line num="584" count="4" type="stmt"/>
      <line num="587" count="4" type="stmt"/>
      <line num="590" count="4" type="stmt"/>
      <line num="593" count="4" type="stmt"/>
      <line num="601" count="9" type="stmt"/>
    </file>
  </project>
</coverage>
