{"C:\\Users\\Robert\\Downloads\\chat-app\\backend\\app.js": {"path":"C:\\Users\\Robert\\Downloads\\chat-app\\backend\\app.js","statementMap":{"0":{"start":{"line":9,"column":18},"end":{"line":9,"column":52}},"1":{"start":{"line":10,"column":18},"end":{"line":10,"column":22}},"2":{"start":{"line":12,"column":0},"end":{"line":12,"column":16}},"3":{"start":{"line":14,"column":12},"end":{"line":14,"column":21}},"4":{"start":{"line":15,"column":13},"end":{"line":15,"column":37}},"5":{"start":{"line":16,"column":21},"end":{"line":16,"column":45}},"6":{"start":{"line":20,"column":0},"end":{"line":25,"column":2}},"7":{"start":{"line":28,"column":0},"end":{"line":28,"column":24}},"8":{"start":{"line":34,"column":2},"end":{"line":34,"column":32}},"9":{"start":{"line":35,"column":2},"end":{"line":35,"column":48}},"10":{"start":{"line":38,"column":17},"end":{"line":40,"column":4}},"11":{"start":{"line":39,"column":4},"end":{"line":39,"column":65}},"12":{"start":{"line":42,"column":13},"end":{"line":47,"column":4}},"13":{"start":{"line":49,"column":2},"end":{"line":72,"column":5}},"14":{"start":{"line":50,"column":4},"end":{"line":50,"column":36}},"15":{"start":{"line":52,"column":4},"end":{"line":55,"column":7}},"16":{"start":{"line":53,"column":6},"end":{"line":53,"column":28}},"17":{"start":{"line":54,"column":6},"end":{"line":54,"column":51}},"18":{"start":{"line":57,"column":4},"end":{"line":67,"column":7}},"19":{"start":{"line":58,"column":44},"end":{"line":58,"column":48}},"20":{"start":{"line":59,"column":25},"end":{"line":59,"column":90}},"21":{"start":{"line":61,"column":6},"end":{"line":66,"column":7}},"22":{"start":{"line":62,"column":8},"end":{"line":62,"column":32}},"23":{"start":{"line":63,"column":8},"end":{"line":63,"column":55}},"24":{"start":{"line":65,"column":8},"end":{"line":65,"column":53}},"25":{"start":{"line":69,"column":4},"end":{"line":71,"column":7}},"26":{"start":{"line":70,"column":6},"end":{"line":70,"column":39}},"27":{"start":{"line":76,"column":0},"end":{"line":78,"column":1}},"28":{"start":{"line":77,"column":2},"end":{"line":77,"column":17}},"29":{"start":{"line":103,"column":19},"end":{"line":106,"column":2}},"30":{"start":{"line":109,"column":20},"end":{"line":109,"column":54}},"31":{"start":{"line":113,"column":26},"end":{"line":119,"column":2}},"32":{"start":{"line":122,"column":27},"end":{"line":122,"column":75}},"33":{"start":{"line":125,"column":23},"end":{"line":128,"column":4}},"34":{"start":{"line":130,"column":24},"end":{"line":130,"column":66}},"35":{"start":{"line":133,"column":22},"end":{"line":139,"column":4}},"36":{"start":{"line":141,"column":23},"end":{"line":141,"column":63}},"37":{"start":{"line":144,"column":15},"end":{"line":179,"column":1}},"38":{"start":{"line":145,"column":2},"end":{"line":178,"column":3}},"39":{"start":{"line":146,"column":4},"end":{"line":146,"column":54}},"40":{"start":{"line":149,"column":32},"end":{"line":149,"column":40}},"41":{"start":{"line":152,"column":4},"end":{"line":156,"column":5}},"42":{"start":{"line":153,"column":6},"end":{"line":155,"column":62}},"43":{"start":{"line":159,"column":25},"end":{"line":159,"column":54}},"44":{"start":{"line":160,"column":4},"end":{"line":162,"column":5}},"45":{"start":{"line":161,"column":6},"end":{"line":161,"column":75}},"46":{"start":{"line":164,"column":27},"end":{"line":164,"column":58}},"47":{"start":{"line":167,"column":20},"end":{"line":167,"column":65}},"48":{"start":{"line":168,"column":22},"end":{"line":168,"column":42}},"49":{"start":{"line":170,"column":24},"end":{"line":170,"column":90}},"50":{"start":{"line":171,"column":4},"end":{"line":171,"column":29}},"51":{"start":{"line":173,"column":4},"end":{"line":173,"column":55}},"52":{"start":{"line":174,"column":4},"end":{"line":174,"column":70}},"53":{"start":{"line":176,"column":4},"end":{"line":176,"column":42}},"54":{"start":{"line":177,"column":4},"end":{"line":177,"column":63}},"55":{"start":{"line":182,"column":14},"end":{"line":219,"column":1}},"56":{"start":{"line":183,"column":2},"end":{"line":218,"column":3}},"57":{"start":{"line":184,"column":4},"end":{"line":184,"column":53}},"58":{"start":{"line":187,"column":32},"end":{"line":187,"column":40}},"59":{"start":{"line":190,"column":4},"end":{"line":194,"column":5}},"60":{"start":{"line":191,"column":6},"end":{"line":193,"column":62}},"61":{"start":{"line":197,"column":25},"end":{"line":197,"column":54}},"62":{"start":{"line":198,"column":4},"end":{"line":200,"column":5}},"63":{"start":{"line":199,"column":6},"end":{"line":199,"column":71}},"64":{"start":{"line":202,"column":31},"end":{"line":202,"column":52}},"65":{"start":{"line":204,"column":20},"end":{"line":204,"column":70}},"66":{"start":{"line":206,"column":4},"end":{"line":214,"column":5}},"67":{"start":{"line":207,"column":6},"end":{"line":207,"column":59}},"68":{"start":{"line":208,"column":20},"end":{"line":208,"column":128}},"69":{"start":{"line":209,"column":6},"end":{"line":209,"column":56}},"70":{"start":{"line":210,"column":6},"end":{"line":210,"column":75}},"71":{"start":{"line":212,"column":6},"end":{"line":212,"column":41}},"72":{"start":{"line":213,"column":6},"end":{"line":213,"column":88}},"73":{"start":{"line":216,"column":4},"end":{"line":216,"column":41}},"74":{"start":{"line":217,"column":4},"end":{"line":217,"column":63}},"75":{"start":{"line":222,"column":15},"end":{"line":232,"column":1}},"76":{"start":{"line":223,"column":2},"end":{"line":231,"column":3}},"77":{"start":{"line":224,"column":4},"end":{"line":224,"column":44}},"78":{"start":{"line":226,"column":4},"end":{"line":226,"column":55}},"79":{"start":{"line":227,"column":4},"end":{"line":227,"column":60}},"80":{"start":{"line":229,"column":4},"end":{"line":229,"column":42}},"81":{"start":{"line":230,"column":4},"end":{"line":230,"column":63}},"82":{"start":{"line":235,"column":17},"end":{"line":258,"column":1}},"83":{"start":{"line":237,"column":16},"end":{"line":237,"column":90}},"84":{"start":{"line":238,"column":2},"end":{"line":238,"column":96}},"85":{"start":{"line":238,"column":14},"end":{"line":238,"column":96}},"86":{"start":{"line":240,"column":2},"end":{"line":257,"column":3}},"87":{"start":{"line":241,"column":4},"end":{"line":241,"column":51}},"88":{"start":{"line":243,"column":21},"end":{"line":243,"column":47}},"89":{"start":{"line":245,"column":20},"end":{"line":245,"column":57}},"90":{"start":{"line":246,"column":19},"end":{"line":246,"column":29}},"91":{"start":{"line":248,"column":24},"end":{"line":248,"column":61}},"92":{"start":{"line":249,"column":4},"end":{"line":249,"column":84}},"93":{"start":{"line":249,"column":22},"end":{"line":249,"column":84}},"94":{"start":{"line":251,"column":4},"end":{"line":251,"column":38}},"95":{"start":{"line":252,"column":4},"end":{"line":252,"column":69}},"96":{"start":{"line":255,"column":4},"end":{"line":255,"column":44}},"97":{"start":{"line":256,"column":4},"end":{"line":256,"column":65}},"98":{"start":{"line":261,"column":22},"end":{"line":301,"column":1}},"99":{"start":{"line":263,"column":16},"end":{"line":263,"column":90}},"100":{"start":{"line":265,"column":2},"end":{"line":265,"column":74}},"101":{"start":{"line":265,"column":14},"end":{"line":265,"column":74}},"102":{"start":{"line":267,"column":2},"end":{"line":300,"column":3}},"103":{"start":{"line":268,"column":4},"end":{"line":268,"column":53}},"104":{"start":{"line":270,"column":21},"end":{"line":270,"column":47}},"105":{"start":{"line":272,"column":20},"end":{"line":272,"column":57}},"106":{"start":{"line":273,"column":19},"end":{"line":273,"column":29}},"107":{"start":{"line":275,"column":4},"end":{"line":279,"column":5}},"108":{"start":{"line":276,"column":6},"end":{"line":276,"column":37}},"109":{"start":{"line":277,"column":6},"end":{"line":277,"column":78}},"110":{"start":{"line":278,"column":6},"end":{"line":278,"column":13}},"111":{"start":{"line":281,"column":36},"end":{"line":281,"column":44}},"112":{"start":{"line":283,"column":4},"end":{"line":287,"column":5}},"113":{"start":{"line":284,"column":8},"end":{"line":284,"column":54}},"114":{"start":{"line":285,"column":8},"end":{"line":285,"column":84}},"115":{"start":{"line":286,"column":8},"end":{"line":286,"column":15}},"116":{"start":{"line":289,"column":27},"end":{"line":293,"column":5}},"117":{"start":{"line":295,"column":4},"end":{"line":295,"column":57}},"118":{"start":{"line":296,"column":4},"end":{"line":296,"column":57}},"119":{"start":{"line":298,"column":4},"end":{"line":298,"column":49}},"120":{"start":{"line":299,"column":4},"end":{"line":299,"column":63}},"121":{"start":{"line":304,"column":15},"end":{"line":341,"column":1}},"122":{"start":{"line":305,"column":20},"end":{"line":305,"column":29}},"123":{"start":{"line":307,"column":2},"end":{"line":340,"column":3}},"124":{"start":{"line":308,"column":4},"end":{"line":308,"column":55}},"125":{"start":{"line":310,"column":27},"end":{"line":310,"column":35}},"126":{"start":{"line":312,"column":4},"end":{"line":335,"column":3}},"127":{"start":{"line":313,"column":6},"end":{"line":313,"column":41}},"128":{"start":{"line":314,"column":6},"end":{"line":314,"column":63}},"129":{"start":{"line":315,"column":6},"end":{"line":315,"column":13}},"130":{"start":{"line":318,"column":18},"end":{"line":318,"column":45}},"131":{"start":{"line":320,"column":24},"end":{"line":325,"column":6}},"132":{"start":{"line":328,"column":4},"end":{"line":334,"column":5}},"133":{"start":{"line":329,"column":6},"end":{"line":329,"column":36}},"134":{"start":{"line":330,"column":6},"end":{"line":330,"column":31}},"135":{"start":{"line":332,"column":6},"end":{"line":332,"column":33}},"136":{"start":{"line":333,"column":6},"end":{"line":333,"column":40}},"137":{"start":{"line":338,"column":4},"end":{"line":338,"column":45}},"138":{"start":{"line":339,"column":4},"end":{"line":339,"column":65}},"139":{"start":{"line":344,"column":20},"end":{"line":367,"column":1}},"140":{"start":{"line":346,"column":16},"end":{"line":346,"column":90}},"141":{"start":{"line":348,"column":2},"end":{"line":348,"column":74}},"142":{"start":{"line":348,"column":14},"end":{"line":348,"column":74}},"143":{"start":{"line":350,"column":2},"end":{"line":366,"column":3}},"144":{"start":{"line":351,"column":4},"end":{"line":351,"column":52}},"145":{"start":{"line":353,"column":20},"end":{"line":353,"column":57}},"146":{"start":{"line":354,"column":19},"end":{"line":354,"column":29}},"147":{"start":{"line":356,"column":24},"end":{"line":358,"column":13}},"148":{"start":{"line":360,"column":4},"end":{"line":360,"column":31}},"149":{"start":{"line":361,"column":4},"end":{"line":361,"column":38}},"150":{"start":{"line":364,"column":4},"end":{"line":364,"column":46}},"151":{"start":{"line":365,"column":4},"end":{"line":365,"column":77}},"152":{"start":{"line":370,"column":23},"end":{"line":398,"column":1}},"153":{"start":{"line":371,"column":4},"end":{"line":397,"column":5}},"154":{"start":{"line":372,"column":8},"end":{"line":372,"column":58}},"155":{"start":{"line":374,"column":29},"end":{"line":374,"column":37}},"156":{"start":{"line":376,"column":8},"end":{"line":380,"column":9}},"157":{"start":{"line":377,"column":12},"end":{"line":377,"column":45}},"158":{"start":{"line":378,"column":12},"end":{"line":378,"column":73}},"159":{"start":{"line":379,"column":12},"end":{"line":379,"column":19}},"160":{"start":{"line":382,"column":29},"end":{"line":382,"column":65}},"161":{"start":{"line":383,"column":8},"end":{"line":387,"column":9}},"162":{"start":{"line":384,"column":12},"end":{"line":384,"column":52}},"163":{"start":{"line":385,"column":12},"end":{"line":385,"column":74}},"164":{"start":{"line":386,"column":12},"end":{"line":386,"column":19}},"165":{"start":{"line":389,"column":28},"end":{"line":389,"column":76}},"166":{"start":{"line":390,"column":30},"end":{"line":390,"column":54}},"167":{"start":{"line":392,"column":8},"end":{"line":392,"column":56}},"168":{"start":{"line":393,"column":8},"end":{"line":393,"column":62}},"169":{"start":{"line":395,"column":8},"end":{"line":395,"column":54}},"170":{"start":{"line":396,"column":8},"end":{"line":396,"column":66}},"171":{"start":{"line":401,"column":21},"end":{"line":420,"column":1}},"172":{"start":{"line":402,"column":4},"end":{"line":419,"column":5}},"173":{"start":{"line":403,"column":8},"end":{"line":403,"column":58}},"174":{"start":{"line":406,"column":30},"end":{"line":406,"column":51}},"175":{"start":{"line":408,"column":8},"end":{"line":415,"column":9}},"176":{"start":{"line":409,"column":12},"end":{"line":409,"column":46}},"177":{"start":{"line":410,"column":12},"end":{"line":410,"column":37}},"178":{"start":{"line":412,"column":12},"end":{"line":412,"column":59}},"179":{"start":{"line":413,"column":12},"end":{"line":413,"column":48}},"180":{"start":{"line":417,"column":8},"end":{"line":417,"column":54}},"181":{"start":{"line":418,"column":8},"end":{"line":418,"column":67}},"182":{"start":{"line":424,"column":24},"end":{"line":452,"column":1}},"183":{"start":{"line":425,"column":2},"end":{"line":450,"column":3}},"184":{"start":{"line":426,"column":4},"end":{"line":426,"column":54}},"185":{"start":{"line":428,"column":25},"end":{"line":428,"column":33}},"186":{"start":{"line":430,"column":4},"end":{"line":434,"column":5}},"187":{"start":{"line":431,"column":6},"end":{"line":431,"column":56}},"188":{"start":{"line":432,"column":6},"end":{"line":432,"column":78}},"189":{"start":{"line":433,"column":6},"end":{"line":433,"column":13}},"190":{"start":{"line":436,"column":24},"end":{"line":436,"column":62}},"191":{"start":{"line":437,"column":28},"end":{"line":437,"column":66}},"192":{"start":{"line":439,"column":4},"end":{"line":443,"column":5}},"193":{"start":{"line":440,"column":6},"end":{"line":440,"column":45}},"194":{"start":{"line":441,"column":6},"end":{"line":441,"column":67}},"195":{"start":{"line":442,"column":6},"end":{"line":442,"column":13}},"196":{"start":{"line":445,"column":4},"end":{"line":445,"column":50}},"197":{"start":{"line":446,"column":4},"end":{"line":446,"column":71}},"198":{"start":{"line":448,"column":4},"end":{"line":448,"column":50}},"199":{"start":{"line":449,"column":4},"end":{"line":449,"column":63}},"200":{"start":{"line":456,"column":20},"end":{"line":477,"column":1}},"201":{"start":{"line":457,"column":4},"end":{"line":476,"column":5}},"202":{"start":{"line":458,"column":8},"end":{"line":458,"column":53}},"203":{"start":{"line":460,"column":46},"end":{"line":460,"column":54}},"204":{"start":{"line":462,"column":8},"end":{"line":466,"column":9}},"205":{"start":{"line":463,"column":12},"end":{"line":463,"column":71}},"206":{"start":{"line":464,"column":12},"end":{"line":464,"column":91}},"207":{"start":{"line":465,"column":12},"end":{"line":465,"column":19}},"208":{"start":{"line":468,"column":27},"end":{"line":468,"column":69}},"209":{"start":{"line":469,"column":29},"end":{"line":469,"column":52}},"210":{"start":{"line":471,"column":8},"end":{"line":471,"column":51}},"211":{"start":{"line":472,"column":8},"end":{"line":472,"column":59}},"212":{"start":{"line":474,"column":8},"end":{"line":474,"column":49}},"213":{"start":{"line":475,"column":8},"end":{"line":475,"column":67}},"214":{"start":{"line":481,"column":20},"end":{"line":508,"column":1}},"215":{"start":{"line":482,"column":2},"end":{"line":506,"column":3}},"216":{"start":{"line":483,"column":4},"end":{"line":483,"column":48}},"217":{"start":{"line":485,"column":25},"end":{"line":485,"column":33}},"218":{"start":{"line":487,"column":4},"end":{"line":491,"column":5}},"219":{"start":{"line":488,"column":6},"end":{"line":488,"column":61}},"220":{"start":{"line":489,"column":6},"end":{"line":489,"column":82}},"221":{"start":{"line":490,"column":6},"end":{"line":490,"column":13}},"222":{"start":{"line":493,"column":27},"end":{"line":493,"column":69}},"223":{"start":{"line":495,"column":4},"end":{"line":501,"column":5}},"224":{"start":{"line":496,"column":6},"end":{"line":496,"column":39}},"225":{"start":{"line":497,"column":6},"end":{"line":497,"column":31}},"226":{"start":{"line":499,"column":6},"end":{"line":499,"column":52}},"227":{"start":{"line":500,"column":6},"end":{"line":500,"column":43}},"228":{"start":{"line":504,"column":4},"end":{"line":504,"column":49}},"229":{"start":{"line":505,"column":4},"end":{"line":505,"column":63}},"230":{"start":{"line":550,"column":19},"end":{"line":550,"column":27}},"231":{"start":{"line":551,"column":22},"end":{"line":551,"column":30}},"232":{"start":{"line":552,"column":23},"end":{"line":552,"column":31}},"233":{"start":{"line":553,"column":22},"end":{"line":553,"column":30}},"234":{"start":{"line":554,"column":0},"end":{"line":554,"column":33}},"235":{"start":{"line":555,"column":0},"end":{"line":555,"column":40}},"236":{"start":{"line":556,"column":0},"end":{"line":556,"column":42}},"237":{"start":{"line":557,"column":0},"end":{"line":557,"column":40}},"238":{"start":{"line":560,"column":0},"end":{"line":560,"column":35}},"239":{"start":{"line":563,"column":0},"end":{"line":563,"column":33}},"240":{"start":{"line":566,"column":0},"end":{"line":566,"column":35}},"241":{"start":{"line":569,"column":0},"end":{"line":569,"column":38}},"242":{"start":{"line":572,"column":0},"end":{"line":572,"column":50}},"243":{"start":{"line":575,"column":0},"end":{"line":575,"column":38}},"244":{"start":{"line":578,"column":0},"end":{"line":578,"column":48}},"245":{"start":{"line":581,"column":0},"end":{"line":581,"column":47}},"246":{"start":{"line":584,"column":0},"end":{"line":584,"column":51}},"247":{"start":{"line":587,"column":0},"end":{"line":587,"column":60}},"248":{"start":{"line":590,"column":0},"end":{"line":590,"column":49}},"249":{"start":{"line":593,"column":0},"end":{"line":593,"column":49}},"250":{"start":{"line":601,"column":4},"end":{"line":601,"column":33}}},"fnMap":{"0":{"name":"startBackend","decl":{"start":{"line":33,"column":15},"end":{"line":33,"column":27}},"loc":{"start":{"line":33,"column":30},"end":{"line":73,"column":1}},"line":33},"1":{"name":"(anonymous_1)","decl":{"start":{"line":38,"column":34},"end":{"line":38,"column":35}},"loc":{"start":{"line":38,"column":40},"end":{"line":40,"column":3}},"line":38},"2":{"name":"(anonymous_2)","decl":{"start":{"line":49,"column":22},"end":{"line":49,"column":23}},"loc":{"start":{"line":49,"column":32},"end":{"line":72,"column":3}},"line":49},"3":{"name":"(anonymous_3)","decl":{"start":{"line":52,"column":26},"end":{"line":52,"column":27}},"loc":{"start":{"line":52,"column":38},"end":{"line":55,"column":5}},"line":52},"4":{"name":"(anonymous_4)","decl":{"start":{"line":57,"column":29},"end":{"line":57,"column":30}},"loc":{"start":{"line":57,"column":45},"end":{"line":67,"column":5}},"line":57},"5":{"name":"(anonymous_5)","decl":{"start":{"line":69,"column":28},"end":{"line":69,"column":29}},"loc":{"start":{"line":69,"column":34},"end":{"line":71,"column":5}},"line":69},"6":{"name":"(anonymous_6)","decl":{"start":{"line":144,"column":15},"end":{"line":144,"column":16}},"loc":{"start":{"line":144,"column":35},"end":{"line":179,"column":1}},"line":144},"7":{"name":"(anonymous_7)","decl":{"start":{"line":182,"column":14},"end":{"line":182,"column":15}},"loc":{"start":{"line":182,"column":34},"end":{"line":219,"column":1}},"line":182},"8":{"name":"(anonymous_8)","decl":{"start":{"line":222,"column":15},"end":{"line":222,"column":16}},"loc":{"start":{"line":222,"column":35},"end":{"line":232,"column":1}},"line":222},"9":{"name":"(anonymous_9)","decl":{"start":{"line":235,"column":17},"end":{"line":235,"column":18}},"loc":{"start":{"line":235,"column":37},"end":{"line":258,"column":1}},"line":235},"10":{"name":"(anonymous_10)","decl":{"start":{"line":261,"column":22},"end":{"line":261,"column":23}},"loc":{"start":{"line":261,"column":42},"end":{"line":301,"column":1}},"line":261},"11":{"name":"(anonymous_11)","decl":{"start":{"line":304,"column":15},"end":{"line":304,"column":16}},"loc":{"start":{"line":304,"column":35},"end":{"line":341,"column":1}},"line":304},"12":{"name":"(anonymous_12)","decl":{"start":{"line":344,"column":20},"end":{"line":344,"column":21}},"loc":{"start":{"line":344,"column":40},"end":{"line":367,"column":1}},"line":344},"13":{"name":"(anonymous_13)","decl":{"start":{"line":370,"column":23},"end":{"line":370,"column":24}},"loc":{"start":{"line":370,"column":43},"end":{"line":398,"column":1}},"line":370},"14":{"name":"(anonymous_14)","decl":{"start":{"line":401,"column":21},"end":{"line":401,"column":22}},"loc":{"start":{"line":401,"column":41},"end":{"line":420,"column":1}},"line":401},"15":{"name":"(anonymous_15)","decl":{"start":{"line":424,"column":24},"end":{"line":424,"column":25}},"loc":{"start":{"line":424,"column":44},"end":{"line":452,"column":1}},"line":424},"16":{"name":"(anonymous_16)","decl":{"start":{"line":456,"column":20},"end":{"line":456,"column":21}},"loc":{"start":{"line":456,"column":40},"end":{"line":477,"column":1}},"line":456},"17":{"name":"(anonymous_17)","decl":{"start":{"line":481,"column":20},"end":{"line":481,"column":21}},"loc":{"start":{"line":481,"column":40},"end":{"line":508,"column":1}},"line":481},"18":{"name":"connectDB","decl":{"start":{"line":600,"column":22},"end":{"line":600,"column":31}},"loc":{"start":{"line":600,"column":37},"end":{"line":602,"column":3}},"line":600}},"branchMap":{"0":{"loc":{"start":{"line":15,"column":13},"end":{"line":15,"column":37}},"type":"binary-expr","locations":[{"start":{"line":15,"column":13},"end":{"line":15,"column":29}},{"start":{"line":15,"column":33},"end":{"line":15,"column":37}}],"line":15},"1":{"loc":{"start":{"line":76,"column":0},"end":{"line":78,"column":1}},"type":"if","locations":[{"start":{"line":76,"column":0},"end":{"line":78,"column":1}},{"start":{},"end":{}}],"line":76},"2":{"loc":{"start":{"line":152,"column":4},"end":{"line":156,"column":5}},"type":"if","locations":[{"start":{"line":152,"column":4},"end":{"line":156,"column":5}},{"start":{},"end":{}}],"line":152},"3":{"loc":{"start":{"line":152,"column":8},"end":{"line":152,"column":27}},"type":"binary-expr","locations":[{"start":{"line":152,"column":8},"end":{"line":152,"column":14}},{"start":{"line":152,"column":18},"end":{"line":152,"column":27}}],"line":152},"4":{"loc":{"start":{"line":160,"column":4},"end":{"line":162,"column":5}},"type":"if","locations":[{"start":{"line":160,"column":4},"end":{"line":162,"column":5}},{"start":{},"end":{}}],"line":160},"5":{"loc":{"start":{"line":190,"column":4},"end":{"line":194,"column":5}},"type":"if","locations":[{"start":{"line":190,"column":4},"end":{"line":194,"column":5}},{"start":{},"end":{}}],"line":190},"6":{"loc":{"start":{"line":190,"column":8},"end":{"line":190,"column":27}},"type":"binary-expr","locations":[{"start":{"line":190,"column":8},"end":{"line":190,"column":14}},{"start":{"line":190,"column":18},"end":{"line":190,"column":27}}],"line":190},"7":{"loc":{"start":{"line":198,"column":4},"end":{"line":200,"column":5}},"type":"if","locations":[{"start":{"line":198,"column":4},"end":{"line":200,"column":5}},{"start":{},"end":{}}],"line":198},"8":{"loc":{"start":{"line":206,"column":4},"end":{"line":214,"column":5}},"type":"if","locations":[{"start":{"line":206,"column":4},"end":{"line":214,"column":5}},{"start":{"line":211,"column":11},"end":{"line":214,"column":5}}],"line":206},"9":{"loc":{"start":{"line":237,"column":16},"end":{"line":237,"column":90}},"type":"binary-expr","locations":[{"start":{"line":237,"column":16},"end":{"line":237,"column":44}},{"start":{"line":237,"column":48},"end":{"line":237,"column":90}}],"line":237},"10":{"loc":{"start":{"line":238,"column":2},"end":{"line":238,"column":96}},"type":"if","locations":[{"start":{"line":238,"column":2},"end":{"line":238,"column":96}},{"start":{},"end":{}}],"line":238},"11":{"loc":{"start":{"line":249,"column":4},"end":{"line":249,"column":84}},"type":"if","locations":[{"start":{"line":249,"column":4},"end":{"line":249,"column":84}},{"start":{},"end":{}}],"line":249},"12":{"loc":{"start":{"line":263,"column":16},"end":{"line":263,"column":90}},"type":"binary-expr","locations":[{"start":{"line":263,"column":16},"end":{"line":263,"column":44}},{"start":{"line":263,"column":48},"end":{"line":263,"column":90}}],"line":263},"13":{"loc":{"start":{"line":265,"column":2},"end":{"line":265,"column":74}},"type":"if","locations":[{"start":{"line":265,"column":2},"end":{"line":265,"column":74}},{"start":{},"end":{}}],"line":265},"14":{"loc":{"start":{"line":275,"column":4},"end":{"line":279,"column":5}},"type":"if","locations":[{"start":{"line":275,"column":4},"end":{"line":279,"column":5}},{"start":{},"end":{}}],"line":275},"15":{"loc":{"start":{"line":283,"column":4},"end":{"line":287,"column":5}},"type":"if","locations":[{"start":{"line":283,"column":4},"end":{"line":287,"column":5}},{"start":{},"end":{}}],"line":283},"16":{"loc":{"start":{"line":283,"column":8},"end":{"line":283,"column":31}},"type":"binary-expr","locations":[{"start":{"line":283,"column":8},"end":{"line":283,"column":18}},{"start":{"line":283,"column":22},"end":{"line":283,"column":31}}],"line":283},"17":{"loc":{"start":{"line":312,"column":4},"end":{"line":335,"column":3}},"type":"if","locations":[{"start":{"line":312,"column":4},"end":{"line":335,"column":3}},{"start":{"line":316,"column":11},"end":{"line":335,"column":3}}],"line":312},"18":{"loc":{"start":{"line":328,"column":4},"end":{"line":334,"column":5}},"type":"if","locations":[{"start":{"line":328,"column":4},"end":{"line":334,"column":5}},{"start":{"line":331,"column":11},"end":{"line":334,"column":5}}],"line":328},"19":{"loc":{"start":{"line":346,"column":16},"end":{"line":346,"column":90}},"type":"binary-expr","locations":[{"start":{"line":346,"column":16},"end":{"line":346,"column":44}},{"start":{"line":346,"column":48},"end":{"line":346,"column":90}}],"line":346},"20":{"loc":{"start":{"line":348,"column":2},"end":{"line":348,"column":74}},"type":"if","locations":[{"start":{"line":348,"column":2},"end":{"line":348,"column":74}},{"start":{},"end":{}}],"line":348},"21":{"loc":{"start":{"line":376,"column":8},"end":{"line":380,"column":9}},"type":"if","locations":[{"start":{"line":376,"column":8},"end":{"line":380,"column":9}},{"start":{},"end":{}}],"line":376},"22":{"loc":{"start":{"line":383,"column":8},"end":{"line":387,"column":9}},"type":"if","locations":[{"start":{"line":383,"column":8},"end":{"line":387,"column":9}},{"start":{},"end":{}}],"line":383},"23":{"loc":{"start":{"line":408,"column":8},"end":{"line":415,"column":9}},"type":"if","locations":[{"start":{"line":408,"column":8},"end":{"line":415,"column":9}},{"start":{"line":411,"column":15},"end":{"line":415,"column":9}}],"line":408},"24":{"loc":{"start":{"line":430,"column":4},"end":{"line":434,"column":5}},"type":"if","locations":[{"start":{"line":430,"column":4},"end":{"line":434,"column":5}},{"start":{},"end":{}}],"line":430},"25":{"loc":{"start":{"line":439,"column":4},"end":{"line":443,"column":5}},"type":"if","locations":[{"start":{"line":439,"column":4},"end":{"line":443,"column":5}},{"start":{},"end":{}}],"line":439},"26":{"loc":{"start":{"line":462,"column":8},"end":{"line":466,"column":9}},"type":"if","locations":[{"start":{"line":462,"column":8},"end":{"line":466,"column":9}},{"start":{},"end":{}}],"line":462},"27":{"loc":{"start":{"line":462,"column":12},"end":{"line":462,"column":44}},"type":"binary-expr","locations":[{"start":{"line":462,"column":12},"end":{"line":462,"column":21}},{"start":{"line":462,"column":25},"end":{"line":462,"column":32}},{"start":{"line":462,"column":36},"end":{"line":462,"column":44}}],"line":462},"28":{"loc":{"start":{"line":487,"column":4},"end":{"line":491,"column":5}},"type":"if","locations":[{"start":{"line":487,"column":4},"end":{"line":491,"column":5}},{"start":{},"end":{}}],"line":487},"29":{"loc":{"start":{"line":495,"column":4},"end":{"line":501,"column":5}},"type":"if","locations":[{"start":{"line":495,"column":4},"end":{"line":501,"column":5}},{"start":{"line":498,"column":11},"end":{"line":501,"column":5}}],"line":495}},"s":{"0":4,"1":4,"2":4,"3":4,"4":4,"5":4,"6":4,"7":4,"8":0,"9":0,"10":0,"11":0,"12":0,"13":0,"14":0,"15":0,"16":0,"17":0,"18":0,"19":0,"20":0,"21":0,"22":0,"23":0,"24":0,"25":0,"26":0,"27":4,"28":0,"29":4,"30":4,"31":4,"32":4,"33":4,"34":4,"35":4,"36":4,"37":4,"38":19,"39":19,"40":19,"41":19,"42":2,"43":17,"44":17,"45":0,"46":17,"47":17,"48":17,"49":16,"50":16,"51":16,"52":16,"53":1,"54":1,"55":4,"56":17,"57":17,"58":17,"59":17,"60":2,"61":15,"62":14,"63":1,"64":13,"65":13,"66":13,"67":12,"68":12,"69":12,"70":12,"71":1,"72":1,"73":1,"74":1,"75":4,"76":1,"77":1,"78":1,"79":1,"80":0,"81":0,"82":4,"83":3,"84":3,"85":1,"86":2,"87":2,"88":2,"89":2,"90":1,"91":1,"92":1,"93":0,"94":1,"95":1,"96":1,"97":1,"98":4,"99":7,"100":7,"101":0,"102":7,"103":7,"104":7,"105":7,"106":7,"107":7,"108":0,"109":0,"110":0,"111":7,"112":7,"113":2,"114":2,"115":2,"116":5,"117":5,"118":5,"119":0,"120":0,"121":4,"122":4,"123":4,"124":4,"125":4,"126":4,"127":1,"128":1,"129":1,"130":3,"131":3,"132":2,"133":1,"134":1,"135":1,"136":1,"137":1,"138":1,"139":4,"140":2,"141":2,"142":1,"143":1,"144":1,"145":1,"146":1,"147":1,"148":1,"149":1,"150":0,"151":0,"152":4,"153":17,"154":17,"155":17,"156":17,"157":1,"158":1,"159":1,"160":16,"161":16,"162":1,"163":1,"164":1,"165":15,"166":15,"167":14,"168":14,"169":1,"170":1,"171":4,"172":3,"173":3,"174":3,"175":2,"176":1,"177":1,"178":1,"179":1,"180":1,"181":1,"182":4,"183":4,"184":4,"185":4,"186":4,"187":1,"188":1,"189":1,"190":3,"191":2,"192":2,"193":1,"194":1,"195":1,"196":1,"197":1,"198":1,"199":1,"200":4,"201":7,"202":7,"203":7,"204":7,"205":4,"206":4,"207":4,"208":3,"209":3,"210":2,"211":2,"212":1,"213":1,"214":4,"215":4,"216":4,"217":4,"218":4,"219":1,"220":1,"221":1,"222":3,"223":2,"224":1,"225":1,"226":1,"227":1,"228":1,"229":1,"230":4,"231":4,"232":4,"233":4,"234":4,"235":4,"236":4,"237":4,"238":4,"239":4,"240":4,"241":4,"242":4,"243":4,"244":4,"245":4,"246":4,"247":4,"248":4,"249":4,"250":9},"f":{"0":0,"1":0,"2":0,"3":0,"4":0,"5":0,"6":19,"7":17,"8":1,"9":3,"10":7,"11":4,"12":2,"13":17,"14":3,"15":4,"16":7,"17":4,"18":9},"b":{"0":[4,0],"1":[0,4],"2":[2,17],"3":[19,18],"4":[0,17],"5":[2,15],"6":[17,16],"7":[1,13],"8":[12,1],"9":[3,3],"10":[1,2],"11":[0,1],"12":[7,7],"13":[0,7],"14":[0,7],"15":[2,5],"16":[7,6],"17":[1,3],"18":[1,1],"19":[2,2],"20":[1,1],"21":[1,16],"22":[1,15],"23":[1,1],"24":[1,3],"25":[1,1],"26":[4,3],"27":[7,5,4],"28":[1,3],"29":[1,1]},"_coverageSchema":"1a1c01bbd47fc00a2c39e90264f33305004495a9","hash":"22f48fdb9ef742a02884fc5d60deab747b1267ee"}
}
