{"C:\\Users\\Robert\\Downloads\\chat-app\\backend\\app.js": {"path":"C:\\Users\\Robert\\Downloads\\chat-app\\backend\\app.js","statementMap":{"0":{"start":{"line":9,"column":18},"end":{"line":9,"column":52}},"1":{"start":{"line":10,"column":18},"end":{"line":10,"column":22}},"2":{"start":{"line":12,"column":0},"end":{"line":12,"column":16}},"3":{"start":{"line":14,"column":12},"end":{"line":14,"column":21}},"4":{"start":{"line":15,"column":13},"end":{"line":15,"column":37}},"5":{"start":{"line":16,"column":21},"end":{"line":16,"column":45}},"6":{"start":{"line":20,"column":0},"end":{"line":25,"column":2}},"7":{"start":{"line":28,"column":0},"end":{"line":28,"column":24}},"8":{"start":{"line":32,"column":2},"end":{"line":32,"column":32}},"9":{"start":{"line":33,"column":2},"end":{"line":33,"column":48}},"10":{"start":{"line":36,"column":17},"end":{"line":38,"column":4}},"11":{"start":{"line":37,"column":4},"end":{"line":37,"column":65}},"12":{"start":{"line":40,"column":13},"end":{"line":45,"column":4}},"13":{"start":{"line":47,"column":2},"end":{"line":70,"column":5}},"14":{"start":{"line":48,"column":4},"end":{"line":48,"column":36}},"15":{"start":{"line":50,"column":4},"end":{"line":53,"column":7}},"16":{"start":{"line":51,"column":6},"end":{"line":51,"column":28}},"17":{"start":{"line":52,"column":6},"end":{"line":52,"column":51}},"18":{"start":{"line":55,"column":4},"end":{"line":65,"column":7}},"19":{"start":{"line":56,"column":44},"end":{"line":56,"column":48}},"20":{"start":{"line":57,"column":25},"end":{"line":57,"column":90}},"21":{"start":{"line":59,"column":6},"end":{"line":64,"column":7}},"22":{"start":{"line":60,"column":8},"end":{"line":60,"column":32}},"23":{"start":{"line":61,"column":8},"end":{"line":61,"column":55}},"24":{"start":{"line":63,"column":8},"end":{"line":63,"column":53}},"25":{"start":{"line":67,"column":4},"end":{"line":69,"column":7}},"26":{"start":{"line":68,"column":6},"end":{"line":68,"column":39}},"27":{"start":{"line":74,"column":0},"end":{"line":76,"column":1}},"28":{"start":{"line":75,"column":2},"end":{"line":75,"column":17}},"29":{"start":{"line":79,"column":19},"end":{"line":82,"column":2}},"30":{"start":{"line":85,"column":20},"end":{"line":85,"column":54}},"31":{"start":{"line":89,"column":26},"end":{"line":95,"column":2}},"32":{"start":{"line":98,"column":27},"end":{"line":98,"column":75}},"33":{"start":{"line":101,"column":23},"end":{"line":104,"column":4}},"34":{"start":{"line":106,"column":24},"end":{"line":106,"column":66}},"35":{"start":{"line":109,"column":22},"end":{"line":115,"column":4}},"36":{"start":{"line":117,"column":23},"end":{"line":117,"column":63}},"37":{"start":{"line":120,"column":15},"end":{"line":155,"column":1}},"38":{"start":{"line":121,"column":2},"end":{"line":154,"column":3}},"39":{"start":{"line":122,"column":4},"end":{"line":122,"column":54}},"40":{"start":{"line":125,"column":32},"end":{"line":125,"column":40}},"41":{"start":{"line":128,"column":4},"end":{"line":132,"column":5}},"42":{"start":{"line":129,"column":6},"end":{"line":131,"column":62}},"43":{"start":{"line":135,"column":25},"end":{"line":135,"column":54}},"44":{"start":{"line":136,"column":4},"end":{"line":138,"column":5}},"45":{"start":{"line":137,"column":6},"end":{"line":137,"column":75}},"46":{"start":{"line":140,"column":27},"end":{"line":140,"column":58}},"47":{"start":{"line":143,"column":20},"end":{"line":143,"column":65}},"48":{"start":{"line":144,"column":22},"end":{"line":144,"column":42}},"49":{"start":{"line":146,"column":24},"end":{"line":146,"column":90}},"50":{"start":{"line":147,"column":4},"end":{"line":147,"column":29}},"51":{"start":{"line":149,"column":4},"end":{"line":149,"column":55}},"52":{"start":{"line":150,"column":4},"end":{"line":150,"column":70}},"53":{"start":{"line":152,"column":4},"end":{"line":152,"column":42}},"54":{"start":{"line":153,"column":4},"end":{"line":153,"column":63}},"55":{"start":{"line":158,"column":14},"end":{"line":195,"column":1}},"56":{"start":{"line":159,"column":2},"end":{"line":194,"column":3}},"57":{"start":{"line":160,"column":4},"end":{"line":160,"column":53}},"58":{"start":{"line":163,"column":32},"end":{"line":163,"column":40}},"59":{"start":{"line":166,"column":4},"end":{"line":170,"column":5}},"60":{"start":{"line":167,"column":6},"end":{"line":169,"column":62}},"61":{"start":{"line":173,"column":25},"end":{"line":173,"column":54}},"62":{"start":{"line":174,"column":4},"end":{"line":176,"column":5}},"63":{"start":{"line":175,"column":6},"end":{"line":175,"column":71}},"64":{"start":{"line":178,"column":31},"end":{"line":178,"column":52}},"65":{"start":{"line":180,"column":20},"end":{"line":180,"column":70}},"66":{"start":{"line":182,"column":4},"end":{"line":190,"column":5}},"67":{"start":{"line":183,"column":6},"end":{"line":183,"column":59}},"68":{"start":{"line":184,"column":20},"end":{"line":184,"column":128}},"69":{"start":{"line":185,"column":6},"end":{"line":185,"column":56}},"70":{"start":{"line":186,"column":6},"end":{"line":186,"column":75}},"71":{"start":{"line":188,"column":6},"end":{"line":188,"column":41}},"72":{"start":{"line":189,"column":6},"end":{"line":189,"column":88}},"73":{"start":{"line":192,"column":4},"end":{"line":192,"column":41}},"74":{"start":{"line":193,"column":4},"end":{"line":193,"column":63}},"75":{"start":{"line":198,"column":15},"end":{"line":208,"column":1}},"76":{"start":{"line":199,"column":2},"end":{"line":207,"column":3}},"77":{"start":{"line":200,"column":4},"end":{"line":200,"column":44}},"78":{"start":{"line":202,"column":4},"end":{"line":202,"column":55}},"79":{"start":{"line":203,"column":4},"end":{"line":203,"column":60}},"80":{"start":{"line":205,"column":4},"end":{"line":205,"column":42}},"81":{"start":{"line":206,"column":4},"end":{"line":206,"column":63}},"82":{"start":{"line":211,"column":17},"end":{"line":234,"column":1}},"83":{"start":{"line":213,"column":16},"end":{"line":213,"column":90}},"84":{"start":{"line":214,"column":2},"end":{"line":214,"column":96}},"85":{"start":{"line":214,"column":14},"end":{"line":214,"column":96}},"86":{"start":{"line":216,"column":2},"end":{"line":233,"column":3}},"87":{"start":{"line":217,"column":4},"end":{"line":217,"column":51}},"88":{"start":{"line":219,"column":21},"end":{"line":219,"column":47}},"89":{"start":{"line":221,"column":20},"end":{"line":221,"column":57}},"90":{"start":{"line":222,"column":19},"end":{"line":222,"column":29}},"91":{"start":{"line":224,"column":24},"end":{"line":224,"column":61}},"92":{"start":{"line":225,"column":4},"end":{"line":225,"column":84}},"93":{"start":{"line":225,"column":22},"end":{"line":225,"column":84}},"94":{"start":{"line":227,"column":4},"end":{"line":227,"column":38}},"95":{"start":{"line":228,"column":4},"end":{"line":228,"column":69}},"96":{"start":{"line":231,"column":4},"end":{"line":231,"column":44}},"97":{"start":{"line":232,"column":4},"end":{"line":232,"column":65}},"98":{"start":{"line":237,"column":22},"end":{"line":277,"column":1}},"99":{"start":{"line":239,"column":16},"end":{"line":239,"column":90}},"100":{"start":{"line":241,"column":2},"end":{"line":241,"column":74}},"101":{"start":{"line":241,"column":14},"end":{"line":241,"column":74}},"102":{"start":{"line":243,"column":2},"end":{"line":276,"column":3}},"103":{"start":{"line":244,"column":4},"end":{"line":244,"column":53}},"104":{"start":{"line":246,"column":21},"end":{"line":246,"column":47}},"105":{"start":{"line":248,"column":20},"end":{"line":248,"column":57}},"106":{"start":{"line":249,"column":19},"end":{"line":249,"column":29}},"107":{"start":{"line":251,"column":4},"end":{"line":255,"column":5}},"108":{"start":{"line":252,"column":6},"end":{"line":252,"column":37}},"109":{"start":{"line":253,"column":6},"end":{"line":253,"column":78}},"110":{"start":{"line":254,"column":6},"end":{"line":254,"column":13}},"111":{"start":{"line":257,"column":36},"end":{"line":257,"column":44}},"112":{"start":{"line":259,"column":4},"end":{"line":263,"column":5}},"113":{"start":{"line":260,"column":8},"end":{"line":260,"column":54}},"114":{"start":{"line":261,"column":8},"end":{"line":261,"column":84}},"115":{"start":{"line":262,"column":8},"end":{"line":262,"column":15}},"116":{"start":{"line":265,"column":27},"end":{"line":269,"column":5}},"117":{"start":{"line":271,"column":4},"end":{"line":271,"column":57}},"118":{"start":{"line":272,"column":4},"end":{"line":272,"column":57}},"119":{"start":{"line":274,"column":4},"end":{"line":274,"column":49}},"120":{"start":{"line":275,"column":4},"end":{"line":275,"column":63}},"121":{"start":{"line":280,"column":15},"end":{"line":317,"column":1}},"122":{"start":{"line":281,"column":20},"end":{"line":281,"column":29}},"123":{"start":{"line":283,"column":2},"end":{"line":316,"column":3}},"124":{"start":{"line":284,"column":4},"end":{"line":284,"column":55}},"125":{"start":{"line":286,"column":27},"end":{"line":286,"column":35}},"126":{"start":{"line":288,"column":4},"end":{"line":311,"column":3}},"127":{"start":{"line":289,"column":6},"end":{"line":289,"column":41}},"128":{"start":{"line":290,"column":6},"end":{"line":290,"column":63}},"129":{"start":{"line":291,"column":6},"end":{"line":291,"column":13}},"130":{"start":{"line":294,"column":18},"end":{"line":294,"column":45}},"131":{"start":{"line":296,"column":24},"end":{"line":301,"column":6}},"132":{"start":{"line":304,"column":4},"end":{"line":310,"column":5}},"133":{"start":{"line":305,"column":6},"end":{"line":305,"column":36}},"134":{"start":{"line":306,"column":6},"end":{"line":306,"column":31}},"135":{"start":{"line":308,"column":6},"end":{"line":308,"column":33}},"136":{"start":{"line":309,"column":6},"end":{"line":309,"column":40}},"137":{"start":{"line":314,"column":4},"end":{"line":314,"column":45}},"138":{"start":{"line":315,"column":4},"end":{"line":315,"column":65}},"139":{"start":{"line":320,"column":20},"end":{"line":343,"column":1}},"140":{"start":{"line":322,"column":16},"end":{"line":322,"column":90}},"141":{"start":{"line":324,"column":2},"end":{"line":324,"column":74}},"142":{"start":{"line":324,"column":14},"end":{"line":324,"column":74}},"143":{"start":{"line":326,"column":2},"end":{"line":342,"column":3}},"144":{"start":{"line":327,"column":4},"end":{"line":327,"column":52}},"145":{"start":{"line":329,"column":20},"end":{"line":329,"column":57}},"146":{"start":{"line":330,"column":19},"end":{"line":330,"column":29}},"147":{"start":{"line":332,"column":24},"end":{"line":334,"column":13}},"148":{"start":{"line":336,"column":4},"end":{"line":336,"column":31}},"149":{"start":{"line":337,"column":4},"end":{"line":337,"column":38}},"150":{"start":{"line":340,"column":4},"end":{"line":340,"column":46}},"151":{"start":{"line":341,"column":4},"end":{"line":341,"column":77}},"152":{"start":{"line":346,"column":23},"end":{"line":374,"column":1}},"153":{"start":{"line":347,"column":4},"end":{"line":373,"column":5}},"154":{"start":{"line":348,"column":8},"end":{"line":348,"column":58}},"155":{"start":{"line":350,"column":29},"end":{"line":350,"column":37}},"156":{"start":{"line":352,"column":8},"end":{"line":356,"column":9}},"157":{"start":{"line":353,"column":12},"end":{"line":353,"column":45}},"158":{"start":{"line":354,"column":12},"end":{"line":354,"column":73}},"159":{"start":{"line":355,"column":12},"end":{"line":355,"column":19}},"160":{"start":{"line":358,"column":29},"end":{"line":358,"column":65}},"161":{"start":{"line":359,"column":8},"end":{"line":363,"column":9}},"162":{"start":{"line":360,"column":12},"end":{"line":360,"column":52}},"163":{"start":{"line":361,"column":12},"end":{"line":361,"column":74}},"164":{"start":{"line":362,"column":12},"end":{"line":362,"column":19}},"165":{"start":{"line":365,"column":28},"end":{"line":365,"column":76}},"166":{"start":{"line":366,"column":30},"end":{"line":366,"column":54}},"167":{"start":{"line":368,"column":8},"end":{"line":368,"column":56}},"168":{"start":{"line":369,"column":8},"end":{"line":369,"column":62}},"169":{"start":{"line":371,"column":8},"end":{"line":371,"column":54}},"170":{"start":{"line":372,"column":8},"end":{"line":372,"column":66}},"171":{"start":{"line":377,"column":21},"end":{"line":396,"column":1}},"172":{"start":{"line":378,"column":4},"end":{"line":395,"column":5}},"173":{"start":{"line":379,"column":8},"end":{"line":379,"column":58}},"174":{"start":{"line":382,"column":30},"end":{"line":382,"column":51}},"175":{"start":{"line":384,"column":8},"end":{"line":391,"column":9}},"176":{"start":{"line":385,"column":12},"end":{"line":385,"column":46}},"177":{"start":{"line":386,"column":12},"end":{"line":386,"column":37}},"178":{"start":{"line":388,"column":12},"end":{"line":388,"column":59}},"179":{"start":{"line":389,"column":12},"end":{"line":389,"column":48}},"180":{"start":{"line":393,"column":8},"end":{"line":393,"column":54}},"181":{"start":{"line":394,"column":8},"end":{"line":394,"column":67}},"182":{"start":{"line":400,"column":24},"end":{"line":428,"column":1}},"183":{"start":{"line":401,"column":2},"end":{"line":426,"column":3}},"184":{"start":{"line":402,"column":4},"end":{"line":402,"column":54}},"185":{"start":{"line":404,"column":25},"end":{"line":404,"column":33}},"186":{"start":{"line":406,"column":4},"end":{"line":410,"column":5}},"187":{"start":{"line":407,"column":6},"end":{"line":407,"column":56}},"188":{"start":{"line":408,"column":6},"end":{"line":408,"column":78}},"189":{"start":{"line":409,"column":6},"end":{"line":409,"column":13}},"190":{"start":{"line":412,"column":24},"end":{"line":412,"column":62}},"191":{"start":{"line":413,"column":28},"end":{"line":413,"column":66}},"192":{"start":{"line":415,"column":4},"end":{"line":419,"column":5}},"193":{"start":{"line":416,"column":6},"end":{"line":416,"column":45}},"194":{"start":{"line":417,"column":6},"end":{"line":417,"column":67}},"195":{"start":{"line":418,"column":6},"end":{"line":418,"column":13}},"196":{"start":{"line":421,"column":4},"end":{"line":421,"column":50}},"197":{"start":{"line":422,"column":4},"end":{"line":422,"column":71}},"198":{"start":{"line":424,"column":4},"end":{"line":424,"column":50}},"199":{"start":{"line":425,"column":4},"end":{"line":425,"column":63}},"200":{"start":{"line":432,"column":20},"end":{"line":453,"column":1}},"201":{"start":{"line":433,"column":4},"end":{"line":452,"column":5}},"202":{"start":{"line":434,"column":8},"end":{"line":434,"column":53}},"203":{"start":{"line":436,"column":46},"end":{"line":436,"column":54}},"204":{"start":{"line":438,"column":8},"end":{"line":442,"column":9}},"205":{"start":{"line":439,"column":12},"end":{"line":439,"column":71}},"206":{"start":{"line":440,"column":12},"end":{"line":440,"column":91}},"207":{"start":{"line":441,"column":12},"end":{"line":441,"column":19}},"208":{"start":{"line":444,"column":27},"end":{"line":444,"column":69}},"209":{"start":{"line":445,"column":29},"end":{"line":445,"column":52}},"210":{"start":{"line":447,"column":8},"end":{"line":447,"column":51}},"211":{"start":{"line":448,"column":8},"end":{"line":448,"column":59}},"212":{"start":{"line":450,"column":8},"end":{"line":450,"column":49}},"213":{"start":{"line":451,"column":8},"end":{"line":451,"column":67}},"214":{"start":{"line":457,"column":20},"end":{"line":484,"column":1}},"215":{"start":{"line":458,"column":2},"end":{"line":482,"column":3}},"216":{"start":{"line":459,"column":4},"end":{"line":459,"column":48}},"217":{"start":{"line":461,"column":25},"end":{"line":461,"column":33}},"218":{"start":{"line":463,"column":4},"end":{"line":467,"column":5}},"219":{"start":{"line":464,"column":6},"end":{"line":464,"column":61}},"220":{"start":{"line":465,"column":6},"end":{"line":465,"column":82}},"221":{"start":{"line":466,"column":6},"end":{"line":466,"column":13}},"222":{"start":{"line":469,"column":27},"end":{"line":469,"column":69}},"223":{"start":{"line":471,"column":4},"end":{"line":477,"column":5}},"224":{"start":{"line":472,"column":6},"end":{"line":472,"column":39}},"225":{"start":{"line":473,"column":6},"end":{"line":473,"column":31}},"226":{"start":{"line":475,"column":6},"end":{"line":475,"column":52}},"227":{"start":{"line":476,"column":6},"end":{"line":476,"column":43}},"228":{"start":{"line":480,"column":4},"end":{"line":480,"column":49}},"229":{"start":{"line":481,"column":4},"end":{"line":481,"column":63}},"230":{"start":{"line":487,"column":19},"end":{"line":487,"column":27}},"231":{"start":{"line":488,"column":22},"end":{"line":488,"column":30}},"232":{"start":{"line":489,"column":23},"end":{"line":489,"column":31}},"233":{"start":{"line":490,"column":22},"end":{"line":490,"column":30}},"234":{"start":{"line":491,"column":0},"end":{"line":491,"column":33}},"235":{"start":{"line":492,"column":0},"end":{"line":492,"column":40}},"236":{"start":{"line":493,"column":0},"end":{"line":493,"column":42}},"237":{"start":{"line":494,"column":0},"end":{"line":494,"column":40}},"238":{"start":{"line":497,"column":0},"end":{"line":497,"column":35}},"239":{"start":{"line":500,"column":0},"end":{"line":500,"column":33}},"240":{"start":{"line":503,"column":0},"end":{"line":503,"column":35}},"241":{"start":{"line":506,"column":0},"end":{"line":506,"column":38}},"242":{"start":{"line":509,"column":0},"end":{"line":509,"column":50}},"243":{"start":{"line":512,"column":0},"end":{"line":512,"column":38}},"244":{"start":{"line":515,"column":0},"end":{"line":515,"column":48}},"245":{"start":{"line":518,"column":0},"end":{"line":518,"column":47}},"246":{"start":{"line":521,"column":0},"end":{"line":521,"column":51}},"247":{"start":{"line":524,"column":0},"end":{"line":524,"column":60}},"248":{"start":{"line":527,"column":0},"end":{"line":527,"column":49}},"249":{"start":{"line":530,"column":0},"end":{"line":530,"column":49}},"250":{"start":{"line":538,"column":4},"end":{"line":538,"column":33}}},"fnMap":{"0":{"name":"startBackend","decl":{"start":{"line":31,"column":15},"end":{"line":31,"column":27}},"loc":{"start":{"line":31,"column":30},"end":{"line":71,"column":1}},"line":31},"1":{"name":"(anonymous_1)","decl":{"start":{"line":36,"column":34},"end":{"line":36,"column":35}},"loc":{"start":{"line":36,"column":40},"end":{"line":38,"column":3}},"line":36},"2":{"name":"(anonymous_2)","decl":{"start":{"line":47,"column":22},"end":{"line":47,"column":23}},"loc":{"start":{"line":47,"column":32},"end":{"line":70,"column":3}},"line":47},"3":{"name":"(anonymous_3)","decl":{"start":{"line":50,"column":26},"end":{"line":50,"column":27}},"loc":{"start":{"line":50,"column":38},"end":{"line":53,"column":5}},"line":50},"4":{"name":"(anonymous_4)","decl":{"start":{"line":55,"column":29},"end":{"line":55,"column":30}},"loc":{"start":{"line":55,"column":45},"end":{"line":65,"column":5}},"line":55},"5":{"name":"(anonymous_5)","decl":{"start":{"line":67,"column":28},"end":{"line":67,"column":29}},"loc":{"start":{"line":67,"column":34},"end":{"line":69,"column":5}},"line":67},"6":{"name":"(anonymous_6)","decl":{"start":{"line":120,"column":15},"end":{"line":120,"column":16}},"loc":{"start":{"line":120,"column":35},"end":{"line":155,"column":1}},"line":120},"7":{"name":"(anonymous_7)","decl":{"start":{"line":158,"column":14},"end":{"line":158,"column":15}},"loc":{"start":{"line":158,"column":34},"end":{"line":195,"column":1}},"line":158},"8":{"name":"(anonymous_8)","decl":{"start":{"line":198,"column":15},"end":{"line":198,"column":16}},"loc":{"start":{"line":198,"column":35},"end":{"line":208,"column":1}},"line":198},"9":{"name":"(anonymous_9)","decl":{"start":{"line":211,"column":17},"end":{"line":211,"column":18}},"loc":{"start":{"line":211,"column":37},"end":{"line":234,"column":1}},"line":211},"10":{"name":"(anonymous_10)","decl":{"start":{"line":237,"column":22},"end":{"line":237,"column":23}},"loc":{"start":{"line":237,"column":42},"end":{"line":277,"column":1}},"line":237},"11":{"name":"(anonymous_11)","decl":{"start":{"line":280,"column":15},"end":{"line":280,"column":16}},"loc":{"start":{"line":280,"column":35},"end":{"line":317,"column":1}},"line":280},"12":{"name":"(anonymous_12)","decl":{"start":{"line":320,"column":20},"end":{"line":320,"column":21}},"loc":{"start":{"line":320,"column":40},"end":{"line":343,"column":1}},"line":320},"13":{"name":"(anonymous_13)","decl":{"start":{"line":346,"column":23},"end":{"line":346,"column":24}},"loc":{"start":{"line":346,"column":43},"end":{"line":374,"column":1}},"line":346},"14":{"name":"(anonymous_14)","decl":{"start":{"line":377,"column":21},"end":{"line":377,"column":22}},"loc":{"start":{"line":377,"column":41},"end":{"line":396,"column":1}},"line":377},"15":{"name":"(anonymous_15)","decl":{"start":{"line":400,"column":24},"end":{"line":400,"column":25}},"loc":{"start":{"line":400,"column":44},"end":{"line":428,"column":1}},"line":400},"16":{"name":"(anonymous_16)","decl":{"start":{"line":432,"column":20},"end":{"line":432,"column":21}},"loc":{"start":{"line":432,"column":40},"end":{"line":453,"column":1}},"line":432},"17":{"name":"(anonymous_17)","decl":{"start":{"line":457,"column":20},"end":{"line":457,"column":21}},"loc":{"start":{"line":457,"column":40},"end":{"line":484,"column":1}},"line":457},"18":{"name":"connectDB","decl":{"start":{"line":537,"column":22},"end":{"line":537,"column":31}},"loc":{"start":{"line":537,"column":37},"end":{"line":539,"column":3}},"line":537}},"branchMap":{"0":{"loc":{"start":{"line":15,"column":13},"end":{"line":15,"column":37}},"type":"binary-expr","locations":[{"start":{"line":15,"column":13},"end":{"line":15,"column":29}},{"start":{"line":15,"column":33},"end":{"line":15,"column":37}}],"line":15},"1":{"loc":{"start":{"line":74,"column":0},"end":{"line":76,"column":1}},"type":"if","locations":[{"start":{"line":74,"column":0},"end":{"line":76,"column":1}},{"start":{},"end":{}}],"line":74},"2":{"loc":{"start":{"line":128,"column":4},"end":{"line":132,"column":5}},"type":"if","locations":[{"start":{"line":128,"column":4},"end":{"line":132,"column":5}},{"start":{},"end":{}}],"line":128},"3":{"loc":{"start":{"line":128,"column":8},"end":{"line":128,"column":27}},"type":"binary-expr","locations":[{"start":{"line":128,"column":8},"end":{"line":128,"column":14}},{"start":{"line":128,"column":18},"end":{"line":128,"column":27}}],"line":128},"4":{"loc":{"start":{"line":136,"column":4},"end":{"line":138,"column":5}},"type":"if","locations":[{"start":{"line":136,"column":4},"end":{"line":138,"column":5}},{"start":{},"end":{}}],"line":136},"5":{"loc":{"start":{"line":166,"column":4},"end":{"line":170,"column":5}},"type":"if","locations":[{"start":{"line":166,"column":4},"end":{"line":170,"column":5}},{"start":{},"end":{}}],"line":166},"6":{"loc":{"start":{"line":166,"column":8},"end":{"line":166,"column":27}},"type":"binary-expr","locations":[{"start":{"line":166,"column":8},"end":{"line":166,"column":14}},{"start":{"line":166,"column":18},"end":{"line":166,"column":27}}],"line":166},"7":{"loc":{"start":{"line":174,"column":4},"end":{"line":176,"column":5}},"type":"if","locations":[{"start":{"line":174,"column":4},"end":{"line":176,"column":5}},{"start":{},"end":{}}],"line":174},"8":{"loc":{"start":{"line":182,"column":4},"end":{"line":190,"column":5}},"type":"if","locations":[{"start":{"line":182,"column":4},"end":{"line":190,"column":5}},{"start":{"line":187,"column":11},"end":{"line":190,"column":5}}],"line":182},"9":{"loc":{"start":{"line":213,"column":16},"end":{"line":213,"column":90}},"type":"binary-expr","locations":[{"start":{"line":213,"column":16},"end":{"line":213,"column":44}},{"start":{"line":213,"column":48},"end":{"line":213,"column":90}}],"line":213},"10":{"loc":{"start":{"line":214,"column":2},"end":{"line":214,"column":96}},"type":"if","locations":[{"start":{"line":214,"column":2},"end":{"line":214,"column":96}},{"start":{},"end":{}}],"line":214},"11":{"loc":{"start":{"line":225,"column":4},"end":{"line":225,"column":84}},"type":"if","locations":[{"start":{"line":225,"column":4},"end":{"line":225,"column":84}},{"start":{},"end":{}}],"line":225},"12":{"loc":{"start":{"line":239,"column":16},"end":{"line":239,"column":90}},"type":"binary-expr","locations":[{"start":{"line":239,"column":16},"end":{"line":239,"column":44}},{"start":{"line":239,"column":48},"end":{"line":239,"column":90}}],"line":239},"13":{"loc":{"start":{"line":241,"column":2},"end":{"line":241,"column":74}},"type":"if","locations":[{"start":{"line":241,"column":2},"end":{"line":241,"column":74}},{"start":{},"end":{}}],"line":241},"14":{"loc":{"start":{"line":251,"column":4},"end":{"line":255,"column":5}},"type":"if","locations":[{"start":{"line":251,"column":4},"end":{"line":255,"column":5}},{"start":{},"end":{}}],"line":251},"15":{"loc":{"start":{"line":259,"column":4},"end":{"line":263,"column":5}},"type":"if","locations":[{"start":{"line":259,"column":4},"end":{"line":263,"column":5}},{"start":{},"end":{}}],"line":259},"16":{"loc":{"start":{"line":259,"column":8},"end":{"line":259,"column":31}},"type":"binary-expr","locations":[{"start":{"line":259,"column":8},"end":{"line":259,"column":18}},{"start":{"line":259,"column":22},"end":{"line":259,"column":31}}],"line":259},"17":{"loc":{"start":{"line":288,"column":4},"end":{"line":311,"column":3}},"type":"if","locations":[{"start":{"line":288,"column":4},"end":{"line":311,"column":3}},{"start":{"line":292,"column":11},"end":{"line":311,"column":3}}],"line":288},"18":{"loc":{"start":{"line":304,"column":4},"end":{"line":310,"column":5}},"type":"if","locations":[{"start":{"line":304,"column":4},"end":{"line":310,"column":5}},{"start":{"line":307,"column":11},"end":{"line":310,"column":5}}],"line":304},"19":{"loc":{"start":{"line":322,"column":16},"end":{"line":322,"column":90}},"type":"binary-expr","locations":[{"start":{"line":322,"column":16},"end":{"line":322,"column":44}},{"start":{"line":322,"column":48},"end":{"line":322,"column":90}}],"line":322},"20":{"loc":{"start":{"line":324,"column":2},"end":{"line":324,"column":74}},"type":"if","locations":[{"start":{"line":324,"column":2},"end":{"line":324,"column":74}},{"start":{},"end":{}}],"line":324},"21":{"loc":{"start":{"line":352,"column":8},"end":{"line":356,"column":9}},"type":"if","locations":[{"start":{"line":352,"column":8},"end":{"line":356,"column":9}},{"start":{},"end":{}}],"line":352},"22":{"loc":{"start":{"line":359,"column":8},"end":{"line":363,"column":9}},"type":"if","locations":[{"start":{"line":359,"column":8},"end":{"line":363,"column":9}},{"start":{},"end":{}}],"line":359},"23":{"loc":{"start":{"line":384,"column":8},"end":{"line":391,"column":9}},"type":"if","locations":[{"start":{"line":384,"column":8},"end":{"line":391,"column":9}},{"start":{"line":387,"column":15},"end":{"line":391,"column":9}}],"line":384},"24":{"loc":{"start":{"line":406,"column":4},"end":{"line":410,"column":5}},"type":"if","locations":[{"start":{"line":406,"column":4},"end":{"line":410,"column":5}},{"start":{},"end":{}}],"line":406},"25":{"loc":{"start":{"line":415,"column":4},"end":{"line":419,"column":5}},"type":"if","locations":[{"start":{"line":415,"column":4},"end":{"line":419,"column":5}},{"start":{},"end":{}}],"line":415},"26":{"loc":{"start":{"line":438,"column":8},"end":{"line":442,"column":9}},"type":"if","locations":[{"start":{"line":438,"column":8},"end":{"line":442,"column":9}},{"start":{},"end":{}}],"line":438},"27":{"loc":{"start":{"line":438,"column":12},"end":{"line":438,"column":44}},"type":"binary-expr","locations":[{"start":{"line":438,"column":12},"end":{"line":438,"column":21}},{"start":{"line":438,"column":25},"end":{"line":438,"column":32}},{"start":{"line":438,"column":36},"end":{"line":438,"column":44}}],"line":438},"28":{"loc":{"start":{"line":463,"column":4},"end":{"line":467,"column":5}},"type":"if","locations":[{"start":{"line":463,"column":4},"end":{"line":467,"column":5}},{"start":{},"end":{}}],"line":463},"29":{"loc":{"start":{"line":471,"column":4},"end":{"line":477,"column":5}},"type":"if","locations":[{"start":{"line":471,"column":4},"end":{"line":477,"column":5}},{"start":{"line":474,"column":11},"end":{"line":477,"column":5}}],"line":471}},"s":{"0":4,"1":4,"2":4,"3":4,"4":4,"5":4,"6":4,"7":4,"8":0,"9":0,"10":0,"11":0,"12":0,"13":0,"14":0,"15":0,"16":0,"17":0,"18":0,"19":0,"20":0,"21":0,"22":0,"23":0,"24":0,"25":0,"26":0,"27":4,"28":0,"29":4,"30":4,"31":4,"32":4,"33":4,"34":4,"35":4,"36":4,"37":4,"38":20,"39":20,"40":20,"41":20,"42":2,"43":18,"44":18,"45":2,"46":16,"47":16,"48":16,"49":15,"50":15,"51":15,"52":15,"53":1,"54":1,"55":4,"56":17,"57":17,"58":17,"59":17,"60":2,"61":15,"62":14,"63":2,"64":12,"65":12,"66":12,"67":11,"68":11,"69":11,"70":11,"71":1,"72":1,"73":1,"74":1,"75":4,"76":1,"77":1,"78":1,"79":1,"80":0,"81":0,"82":4,"83":3,"84":3,"85":1,"86":2,"87":2,"88":2,"89":2,"90":1,"91":1,"92":1,"93":0,"94":1,"95":1,"96":1,"97":1,"98":4,"99":7,"100":7,"101":0,"102":7,"103":7,"104":7,"105":7,"106":6,"107":6,"108":0,"109":0,"110":0,"111":6,"112":6,"113":2,"114":2,"115":2,"116":4,"117":4,"118":4,"119":1,"120":1,"121":4,"122":4,"123":4,"124":4,"125":4,"126":4,"127":1,"128":1,"129":1,"130":3,"131":3,"132":2,"133":2,"134":2,"135":0,"136":0,"137":1,"138":1,"139":4,"140":2,"141":2,"142":1,"143":1,"144":1,"145":1,"146":1,"147":1,"148":1,"149":1,"150":0,"151":0,"152":4,"153":17,"154":17,"155":17,"156":17,"157":1,"158":1,"159":1,"160":16,"161":16,"162":1,"163":1,"164":1,"165":15,"166":15,"167":14,"168":14,"169":1,"170":1,"171":4,"172":3,"173":3,"174":3,"175":2,"176":1,"177":1,"178":1,"179":1,"180":1,"181":1,"182":4,"183":4,"184":4,"185":4,"186":4,"187":1,"188":1,"189":1,"190":3,"191":2,"192":2,"193":1,"194":1,"195":1,"196":1,"197":1,"198":1,"199":1,"200":4,"201":7,"202":7,"203":7,"204":7,"205":4,"206":4,"207":4,"208":3,"209":3,"210":2,"211":2,"212":1,"213":1,"214":4,"215":4,"216":4,"217":4,"218":4,"219":1,"220":1,"221":1,"222":3,"223":2,"224":1,"225":1,"226":1,"227":1,"228":1,"229":1,"230":4,"231":4,"232":4,"233":4,"234":4,"235":4,"236":4,"237":4,"238":4,"239":4,"240":4,"241":4,"242":4,"243":4,"244":4,"245":4,"246":4,"247":4,"248":4,"249":4,"250":9},"f":{"0":0,"1":0,"2":0,"3":0,"4":0,"5":0,"6":20,"7":17,"8":1,"9":3,"10":7,"11":4,"12":2,"13":17,"14":3,"15":4,"16":7,"17":4,"18":9},"b":{"0":[4,0],"1":[0,4],"2":[2,18],"3":[20,19],"4":[2,16],"5":[2,15],"6":[17,16],"7":[2,12],"8":[11,1],"9":[3,3],"10":[1,2],"11":[0,1],"12":[7,7],"13":[0,7],"14":[0,6],"15":[2,4],"16":[6,5],"17":[1,3],"18":[2,0],"19":[2,2],"20":[1,1],"21":[1,16],"22":[1,15],"23":[1,1],"24":[1,3],"25":[1,1],"26":[4,3],"27":[7,5,4],"28":[1,3],"29":[1,1]},"_coverageSchema":"1a1c01bbd47fc00a2c39e90264f33305004495a9","hash":"019aa049a9ae05cc728fc1baa4148b6d16617793"}
}
