TN:
SF:app.js
FN:31,startBackend
FN:36,(anonymous_1)
FN:47,(anonymous_2)
FN:50,(anonymous_3)
FN:55,(anonymous_4)
FN:67,(anonymous_5)
FN:120,(anonymous_6)
FN:158,(anonymous_7)
FN:198,(anonymous_8)
FN:211,(anonymous_9)
FN:237,(anonymous_10)
FN:280,(anonymous_11)
FN:320,(anonymous_12)
FN:346,(anonymous_13)
FN:377,(anonymous_14)
FN:400,(anonymous_15)
FN:432,(anonymous_16)
FN:457,(anonymous_17)
FN:537,connectDB
FNF:19
FNH:13
FNDA:0,startBackend
FNDA:0,(anonymous_1)
FNDA:0,(anonymous_2)
FNDA:0,(anonymous_3)
FNDA:0,(anonymous_4)
FNDA:0,(anonymous_5)
FNDA:20,(anonymous_6)
FNDA:17,(anonymous_7)
FNDA:1,(anonymous_8)
FNDA:3,(anonymous_9)
FNDA:7,(anonymous_10)
FNDA:4,(anonymous_11)
FNDA:2,(anonymous_12)
FNDA:17,(anonymous_13)
FNDA:3,(anonymous_14)
FNDA:4,(anonymous_15)
FNDA:7,(anonymous_16)
FNDA:4,(anonymous_17)
FNDA:9,connectDB
DA:9,4
DA:10,4
DA:12,4
DA:14,4
DA:15,4
DA:16,4
DA:20,4
DA:28,4
DA:32,0
DA:33,0
DA:36,0
DA:37,0
DA:40,0
DA:47,0
DA:48,0
DA:50,0
DA:51,0
DA:52,0
DA:55,0
DA:56,0
DA:57,0
DA:59,0
DA:60,0
DA:61,0
DA:63,0
DA:67,0
DA:68,0
DA:74,4
DA:75,0
DA:79,4
DA:85,4
DA:89,4
DA:98,4
DA:101,4
DA:106,4
DA:109,4
DA:117,4
DA:120,4
DA:121,20
DA:122,20
DA:125,20
DA:128,20
DA:129,2
DA:135,18
DA:136,18
DA:137,2
DA:140,16
DA:143,16
DA:144,16
DA:146,15
DA:147,15
DA:149,15
DA:150,15
DA:152,1
DA:153,1
DA:158,4
DA:159,17
DA:160,17
DA:163,17
DA:166,17
DA:167,2
DA:173,15
DA:174,14
DA:175,2
DA:178,12
DA:180,12
DA:182,12
DA:183,11
DA:184,11
DA:185,11
DA:186,11
DA:188,1
DA:189,1
DA:192,1
DA:193,1
DA:198,4
DA:199,1
DA:200,1
DA:202,1
DA:203,1
DA:205,0
DA:206,0
DA:211,4
DA:213,3
DA:214,3
DA:216,2
DA:217,2
DA:219,2
DA:221,2
DA:222,1
DA:224,1
DA:225,1
DA:227,1
DA:228,1
DA:231,1
DA:232,1
DA:237,4
DA:239,7
DA:241,7
DA:243,7
DA:244,7
DA:246,7
DA:248,7
DA:249,6
DA:251,6
DA:252,0
DA:253,0
DA:254,0
DA:257,6
DA:259,6
DA:260,2
DA:261,2
DA:262,2
DA:265,4
DA:271,4
DA:272,4
DA:274,1
DA:275,1
DA:280,4
DA:281,4
DA:283,4
DA:284,4
DA:286,4
DA:288,4
DA:289,1
DA:290,1
DA:291,1
DA:294,3
DA:296,3
DA:304,2
DA:305,2
DA:306,2
DA:308,0
DA:309,0
DA:314,1
DA:315,1
DA:320,4
DA:322,2
DA:324,2
DA:326,1
DA:327,1
DA:329,1
DA:330,1
DA:332,1
DA:336,1
DA:337,1
DA:340,0
DA:341,0
DA:346,4
DA:347,17
DA:348,17
DA:350,17
DA:352,17
DA:353,1
DA:354,1
DA:355,1
DA:358,16
DA:359,16
DA:360,1
DA:361,1
DA:362,1
DA:365,15
DA:366,15
DA:368,14
DA:369,14
DA:371,1
DA:372,1
DA:377,4
DA:378,3
DA:379,3
DA:382,3
DA:384,2
DA:385,1
DA:386,1
DA:388,1
DA:389,1
DA:393,1
DA:394,1
DA:400,4
DA:401,4
DA:402,4
DA:404,4
DA:406,4
DA:407,1
DA:408,1
DA:409,1
DA:412,3
DA:413,2
DA:415,2
DA:416,1
DA:417,1
DA:418,1
DA:421,1
DA:422,1
DA:424,1
DA:425,1
DA:432,4
DA:433,7
DA:434,7
DA:436,7
DA:438,7
DA:439,4
DA:440,4
DA:441,4
DA:444,3
DA:445,3
DA:447,2
DA:448,2
DA:450,1
DA:451,1
DA:457,4
DA:458,4
DA:459,4
DA:461,4
DA:463,4
DA:464,1
DA:465,1
DA:466,1
DA:469,3
DA:471,2
DA:472,1
DA:473,1
DA:475,1
DA:476,1
DA:480,1
DA:481,1
DA:487,4
DA:488,4
DA:489,4
DA:490,4
DA:491,4
DA:492,4
DA:493,4
DA:494,4
DA:497,4
DA:500,4
DA:503,4
DA:506,4
DA:509,4
DA:512,4
DA:515,4
DA:518,4
DA:521,4
DA:524,4
DA:527,4
DA:530,4
DA:538,9
LF:247
LH:218
BRDA:15,0,0,4
BRDA:15,0,1,0
BRDA:74,1,0,0
BRDA:74,1,1,4
BRDA:128,2,0,2
BRDA:128,2,1,18
BRDA:128,3,0,20
BRDA:128,3,1,19
BRDA:136,4,0,2
BRDA:136,4,1,16
BRDA:166,5,0,2
BRDA:166,5,1,15
BRDA:166,6,0,17
BRDA:166,6,1,16
BRDA:174,7,0,2
BRDA:174,7,1,12
BRDA:182,8,0,11
BRDA:182,8,1,1
BRDA:213,9,0,3
BRDA:213,9,1,3
BRDA:214,10,0,1
BRDA:214,10,1,2
BRDA:225,11,0,0
BRDA:225,11,1,1
BRDA:239,12,0,7
BRDA:239,12,1,7
BRDA:241,13,0,0
BRDA:241,13,1,7
BRDA:251,14,0,0
BRDA:251,14,1,6
BRDA:259,15,0,2
BRDA:259,15,1,4
BRDA:259,16,0,6
BRDA:259,16,1,5
BRDA:288,17,0,1
BRDA:288,17,1,3
BRDA:304,18,0,2
BRDA:304,18,1,0
BRDA:322,19,0,2
BRDA:322,19,1,2
BRDA:324,20,0,1
BRDA:324,20,1,1
BRDA:352,21,0,1
BRDA:352,21,1,16
BRDA:359,22,0,1
BRDA:359,22,1,15
BRDA:384,23,0,1
BRDA:384,23,1,1
BRDA:406,24,0,1
BRDA:406,24,1,3
BRDA:415,25,0,1
BRDA:415,25,1,1
BRDA:438,26,0,4
BRDA:438,26,1,3
BRDA:438,27,0,7
BRDA:438,27,1,5
BRDA:438,27,2,4
BRDA:463,28,0,1
BRDA:463,28,1,3
BRDA:471,29,0,1
BRDA:471,29,1,1
BRF:61
BRH:55
end_of_record
