TN:
SF:app.js
FN:33,startBackend
FN:38,(anonymous_1)
FN:49,(anonymous_2)
FN:52,(anonymous_3)
FN:57,(anonymous_4)
FN:69,(anonymous_5)
FN:144,(anonymous_6)
FN:182,(anonymous_7)
FN:222,(anonymous_8)
FN:235,(anonymous_9)
FN:261,(anonymous_10)
FN:304,(anonymous_11)
FN:344,(anonymous_12)
FN:370,(anonymous_13)
FN:401,(anonymous_14)
FN:424,(anonymous_15)
FN:456,(anonymous_16)
FN:481,(anonymous_17)
FN:600,connectDB
FNF:19
FNH:13
FNDA:0,startBackend
FNDA:0,(anonymous_1)
FNDA:0,(anonymous_2)
FNDA:0,(anonymous_3)
FNDA:0,(anonymous_4)
FNDA:0,(anonymous_5)
FNDA:19,(anonymous_6)
FNDA:17,(anonymous_7)
FNDA:1,(anonymous_8)
FNDA:3,(anonymous_9)
FNDA:7,(anonymous_10)
FNDA:4,(anonymous_11)
FNDA:2,(anonymous_12)
FNDA:17,(anonymous_13)
FNDA:3,(anonymous_14)
FNDA:4,(anonymous_15)
FNDA:7,(anonymous_16)
FNDA:4,(anonymous_17)
FNDA:9,connectDB
DA:9,4
DA:10,4
DA:12,4
DA:14,4
DA:15,4
DA:16,4
DA:20,4
DA:28,4
DA:34,0
DA:35,0
DA:38,0
DA:39,0
DA:42,0
DA:49,0
DA:50,0
DA:52,0
DA:53,0
DA:54,0
DA:57,0
DA:58,0
DA:59,0
DA:61,0
DA:62,0
DA:63,0
DA:65,0
DA:69,0
DA:70,0
DA:76,4
DA:77,0
DA:103,4
DA:109,4
DA:113,4
DA:122,4
DA:125,4
DA:130,4
DA:133,4
DA:141,4
DA:144,4
DA:145,19
DA:146,19
DA:149,19
DA:152,19
DA:153,2
DA:159,17
DA:160,17
DA:161,0
DA:164,17
DA:167,17
DA:168,17
DA:170,16
DA:171,16
DA:173,16
DA:174,16
DA:176,1
DA:177,1
DA:182,4
DA:183,17
DA:184,17
DA:187,17
DA:190,17
DA:191,2
DA:197,15
DA:198,14
DA:199,1
DA:202,13
DA:204,13
DA:206,13
DA:207,12
DA:208,12
DA:209,12
DA:210,12
DA:212,1
DA:213,1
DA:216,1
DA:217,1
DA:222,4
DA:223,1
DA:224,1
DA:226,1
DA:227,1
DA:229,0
DA:230,0
DA:235,4
DA:237,3
DA:238,3
DA:240,2
DA:241,2
DA:243,2
DA:245,2
DA:246,1
DA:248,1
DA:249,1
DA:251,1
DA:252,1
DA:255,1
DA:256,1
DA:261,4
DA:263,7
DA:265,7
DA:267,7
DA:268,7
DA:270,7
DA:272,7
DA:273,7
DA:275,7
DA:276,0
DA:277,0
DA:278,0
DA:281,7
DA:283,7
DA:284,2
DA:285,2
DA:286,2
DA:289,5
DA:295,5
DA:296,5
DA:298,0
DA:299,0
DA:304,4
DA:305,4
DA:307,4
DA:308,4
DA:310,4
DA:312,4
DA:313,1
DA:314,1
DA:315,1
DA:318,3
DA:320,3
DA:328,2
DA:329,1
DA:330,1
DA:332,1
DA:333,1
DA:338,1
DA:339,1
DA:344,4
DA:346,2
DA:348,2
DA:350,1
DA:351,1
DA:353,1
DA:354,1
DA:356,1
DA:360,1
DA:361,1
DA:364,0
DA:365,0
DA:370,4
DA:371,17
DA:372,17
DA:374,17
DA:376,17
DA:377,1
DA:378,1
DA:379,1
DA:382,16
DA:383,16
DA:384,1
DA:385,1
DA:386,1
DA:389,15
DA:390,15
DA:392,14
DA:393,14
DA:395,1
DA:396,1
DA:401,4
DA:402,3
DA:403,3
DA:406,3
DA:408,2
DA:409,1
DA:410,1
DA:412,1
DA:413,1
DA:417,1
DA:418,1
DA:424,4
DA:425,4
DA:426,4
DA:428,4
DA:430,4
DA:431,1
DA:432,1
DA:433,1
DA:436,3
DA:437,2
DA:439,2
DA:440,1
DA:441,1
DA:442,1
DA:445,1
DA:446,1
DA:448,1
DA:449,1
DA:456,4
DA:457,7
DA:458,7
DA:460,7
DA:462,7
DA:463,4
DA:464,4
DA:465,4
DA:468,3
DA:469,3
DA:471,2
DA:472,2
DA:474,1
DA:475,1
DA:481,4
DA:482,4
DA:483,4
DA:485,4
DA:487,4
DA:488,1
DA:489,1
DA:490,1
DA:493,3
DA:495,2
DA:496,1
DA:497,1
DA:499,1
DA:500,1
DA:504,1
DA:505,1
DA:550,4
DA:551,4
DA:552,4
DA:553,4
DA:554,4
DA:555,4
DA:556,4
DA:557,4
DA:560,4
DA:563,4
DA:566,4
DA:569,4
DA:572,4
DA:575,4
DA:578,4
DA:581,4
DA:584,4
DA:587,4
DA:590,4
DA:593,4
DA:601,9
LF:247
LH:217
BRDA:15,0,0,4
BRDA:15,0,1,0
BRDA:76,1,0,0
BRDA:76,1,1,4
BRDA:152,2,0,2
BRDA:152,2,1,17
BRDA:152,3,0,19
BRDA:152,3,1,18
BRDA:160,4,0,0
BRDA:160,4,1,17
BRDA:190,5,0,2
BRDA:190,5,1,15
BRDA:190,6,0,17
BRDA:190,6,1,16
BRDA:198,7,0,1
BRDA:198,7,1,13
BRDA:206,8,0,12
BRDA:206,8,1,1
BRDA:237,9,0,3
BRDA:237,9,1,3
BRDA:238,10,0,1
BRDA:238,10,1,2
BRDA:249,11,0,0
BRDA:249,11,1,1
BRDA:263,12,0,7
BRDA:263,12,1,7
BRDA:265,13,0,0
BRDA:265,13,1,7
BRDA:275,14,0,0
BRDA:275,14,1,7
BRDA:283,15,0,2
BRDA:283,15,1,5
BRDA:283,16,0,7
BRDA:283,16,1,6
BRDA:312,17,0,1
BRDA:312,17,1,3
BRDA:328,18,0,1
BRDA:328,18,1,1
BRDA:346,19,0,2
BRDA:346,19,1,2
BRDA:348,20,0,1
BRDA:348,20,1,1
BRDA:376,21,0,1
BRDA:376,21,1,16
BRDA:383,22,0,1
BRDA:383,22,1,15
BRDA:408,23,0,1
BRDA:408,23,1,1
BRDA:430,24,0,1
BRDA:430,24,1,3
BRDA:439,25,0,1
BRDA:439,25,1,1
BRDA:462,26,0,4
BRDA:462,26,1,3
BRDA:462,27,0,7
BRDA:462,27,1,5
BRDA:462,27,2,4
BRDA:487,28,0,1
BRDA:487,28,1,3
BRDA:495,29,0,1
BRDA:495,29,1,1
BRF:61
BRH:55
end_of_record
